[08-Aug-2017 18:12:00 UTC] PHP Parse error:  syntax error, unexpected ';', expecting ',' or ')' in /home/kidscove/public_html/enc.php on line 17
[15-Aug-2017 05:22:17 UTC] PHP Fatal error:  Uncaught Exception: File '/home/kidscove/public_html/media/css' does not exists. in /home/kidscove/public_html/lib/Varien/File/Transfer/Adapter/Http.php:96
Stack trace:
#0 /home/kidscove/public_html/get.php(205): Varien_File_Transfer_Adapter_Http->send('/home/kidscove/...')
#1 /home/kidscove/public_html/get.php(165): sendFile('/home/kidscove/...')
#2 {main}
  thrown in /home/kidscove/public_html/lib/Varien/File/Transfer/Adapter/Http.php on line 96
[22-Aug-2017 05:34:08 UTC] PHP Fatal error:  Uncaught Exception: File '/home/kidscove/public_html/media/css' does not exists. in /home/kidscove/public_html/lib/Varien/File/Transfer/Adapter/Http.php:96
Stack trace:
#0 /home/kidscove/public_html/get.php(205): Varien_File_Transfer_Adapter_Http->send('/home/kidscove/...')
#1 /home/kidscove/public_html/get.php(165): sendFile('/home/kidscove/...')
#2 {main}
  thrown in /home/kidscove/public_html/lib/Varien/File/Transfer/Adapter/Http.php on line 96
[05-Sep-2017 06:13:14 UTC] PHP Fatal error:  Uncaught Exception: File '/home/kidscove/public_html/media/css' does not exists. in /home/kidscove/public_html/lib/Varien/File/Transfer/Adapter/Http.php:96
Stack trace:
#0 /home/kidscove/public_html/get.php(205): Varien_File_Transfer_Adapter_Http->send('/home/kidscove/...')
#1 /home/kidscove/public_html/get.php(165): sendFile('/home/kidscove/...')
#2 {main}
  thrown in /home/kidscove/public_html/lib/Varien/File/Transfer/Adapter/Http.php on line 96
[12-Sep-2017 06:26:44 UTC] PHP Fatal error:  Uncaught Exception: File '/home/kidscove/public_html/media/css' does not exists. in /home/kidscove/public_html/lib/Varien/File/Transfer/Adapter/Http.php:96
Stack trace:
#0 /home/kidscove/public_html/get.php(205): Varien_File_Transfer_Adapter_Http->send('/home/kidscove/...')
#1 /home/kidscove/public_html/get.php(165): sendFile('/home/kidscove/...')
#2 {main}
  thrown in /home/kidscove/public_html/lib/Varien/File/Transfer/Adapter/Http.php on line 96
[18-Sep-2017 21:13:50 UTC] PHP Fatal error:  Uncaught Error: Call to a member function toHtml() on boolean in /home/kidscove/public_html/app/design/frontend/sahara_digital/ma_sahara_digital9/template/review/product/view/list_tab.phtml:71
Stack trace:
#0 /home/kidscove/public_html/app/code/core/Mage/Core/Block/Template.php(241): include()
#1 /home/kidscove/public_html/app/code/core/Mage/Core/Block/Template.php(272): Mage_Core_Block_Template->fetchView('frontend/sahara...')
#2 /home/kidscove/public_html/app/code/core/Mage/Core/Block/Template.php(286): Mage_Core_Block_Template->renderView()
#3 /home/kidscove/public_html/app/code/core/Mage/Review/Block/Product/View.php(47): Mage_Core_Block_Template->_toHtml()
#4 /home/kidscove/public_html/app/code/core/Mage/Core/Block/Abstract.php(923): Mage_Review_Block_Product_View->_toHtml()
#5 /home/kidscove/public_html/app/code/core/Mage/Core/Block/Abstract.php(641): Mage_Core_Block_Abstract->toHtml()
#6 /home/kidscove/public_html/app/code/core/Mage/Core/Block/Abstract.php(585): Mage_Core_Block_Abstract->_getChildHtml( in /home/kidscove/public_html/app/design/frontend/sahara_digital/ma_sahara_digital9/template/review/product/view/list_tab.phtml on line 71
[15-Oct-2017 17:21:35 UTC] PHP Fatal error:  Uncaught Exception: File '/home/kidscove/public_html/media/wysiwyg/' does not exists. in /home/kidscove/public_html/lib/Varien/File/Transfer/Adapter/Http.php:96
Stack trace:
#0 /home/kidscove/public_html/get.php(205): Varien_File_Transfer_Adapter_Http->send('/home/kidscove/...')
#1 /home/kidscove/public_html/get.php(165): sendFile('/home/kidscove/...')
#2 {main}
  thrown in /home/kidscove/public_html/lib/Varien/File/Transfer/Adapter/Http.php on line 96
[17-Oct-2017 08:48:18 UTC] PHP Fatal error:  Uncaught Exception: File '/home/kidscove/public_html/media/wysiwyg/' does not exists. in /home/kidscove/public_html/lib/Varien/File/Transfer/Adapter/Http.php:96
Stack trace:
#0 /home/kidscove/public_html/get.php(205): Varien_File_Transfer_Adapter_Http->send('/home/kidscove/...')
#1 /home/kidscove/public_html/get.php(165): sendFile('/home/kidscove/...')
#2 {main}
  thrown in /home/kidscove/public_html/lib/Varien/File/Transfer/Adapter/Http.php on line 96
[18-Oct-2017 02:30:04 UTC] PHP Fatal error:  Uncaught PDOException: SQLSTATE[HY000] [2002] No such file or directory in /home/kidscove/public_html/lib/Zend/Db/Adapter/Pdo/Abstract.php:128
Stack trace:
#0 /home/kidscove/public_html/lib/Zend/Db/Adapter/Pdo/Abstract.php(128): PDO->__construct('mysql:host=loca...', 'kidscove_nknl', 'Lrbi.5#&epB@', Array)
#1 /home/kidscove/public_html/lib/Zend/Db/Adapter/Pdo/Mysql.php(111): Zend_Db_Adapter_Pdo_Abstract->_connect()
#2 /home/kidscove/public_html/lib/Varien/Db/Adapter/Pdo/Mysql.php(396): Zend_Db_Adapter_Pdo_Mysql->_connect()
#3 /home/kidscove/public_html/lib/Zend/Db/Adapter/Abstract.php(460): Varien_Db_Adapter_Pdo_Mysql->_connect()
#4 /home/kidscove/public_html/lib/Zend/Db/Adapter/Pdo/Abstract.php(238): Zend_Db_Adapter_Abstract->query('SET NAMES utf8', Array)
#5 /home/kidscove/public_html/lib/Varien/Db/Adapter/Pdo/Mysql.php(504): Zend_Db_Adapter_Pdo_Abstract->query('SET NAMES utf8', Array)
#6 /home/kidscove/public_html/app/code/core/Mage/Core/Model/Resource.php(179): Varien_Db_Adapter_Pdo_Mysql->query('SET NAME in /home/kidscove/public_html/lib/Zend/Db/Adapter/Pdo/Abstract.php on line 144
[21-Oct-2017 14:48:42 UTC] PHP Fatal error:  Uncaught Exception: File '/home/kidscove/public_html/media/wysiwyg/' does not exists. in /home/kidscove/public_html/lib/Varien/File/Transfer/Adapter/Http.php:96
Stack trace:
#0 /home/kidscove/public_html/get.php(205): Varien_File_Transfer_Adapter_Http->send('/home/kidscove/...')
#1 /home/kidscove/public_html/get.php(165): sendFile('/home/kidscove/...')
#2 {main}
  thrown in /home/kidscove/public_html/lib/Varien/File/Transfer/Adapter/Http.php on line 96
[26-Oct-2017 02:49:06 UTC] PHP Fatal error:  Uncaught Exception: File '/home/kidscove/public_html/media/wysiwyg/' does not exists. in /home/kidscove/public_html/lib/Varien/File/Transfer/Adapter/Http.php:96
Stack trace:
#0 /home/kidscove/public_html/get.php(205): Varien_File_Transfer_Adapter_Http->send('/home/kidscove/...')
#1 /home/kidscove/public_html/get.php(165): sendFile('/home/kidscove/...')
#2 {main}
  thrown in /home/kidscove/public_html/lib/Varien/File/Transfer/Adapter/Http.php on line 96
[27-Oct-2017 06:25:25 UTC] PHP Fatal error:  Uncaught Exception: File '/home/kidscove/public_html/media/wysiwyg/' does not exists. in /home/kidscove/public_html/lib/Varien/File/Transfer/Adapter/Http.php:96
Stack trace:
#0 /home/kidscove/public_html/get.php(205): Varien_File_Transfer_Adapter_Http->send('/home/kidscove/...')
#1 /home/kidscove/public_html/get.php(165): sendFile('/home/kidscove/...')
#2 {main}
  thrown in /home/kidscove/public_html/lib/Varien/File/Transfer/Adapter/Http.php on line 96
[31-Oct-2017 04:44:57 UTC] PHP Fatal error:  Uncaught Exception: File '/home/kidscove/public_html/media/wysiwyg/' does not exists. in /home/kidscove/public_html/lib/Varien/File/Transfer/Adapter/Http.php:96
Stack trace:
#0 /home/kidscove/public_html/get.php(205): Varien_File_Transfer_Adapter_Http->send('/home/kidscove/...')
#1 /home/kidscove/public_html/get.php(165): sendFile('/home/kidscove/...')
#2 {main}
  thrown in /home/kidscove/public_html/lib/Varien/File/Transfer/Adapter/Http.php on line 96
[01-Nov-2017 15:17:26 UTC] PHP Fatal error:  Uncaught Exception: File '/home/kidscove/public_html/media/wysiwyg/' does not exists. in /home/kidscove/public_html/lib/Varien/File/Transfer/Adapter/Http.php:96
Stack trace:
#0 /home/kidscove/public_html/get.php(205): Varien_File_Transfer_Adapter_Http->send('/home/kidscove/...')
#1 /home/kidscove/public_html/get.php(165): sendFile('/home/kidscove/...')
#2 {main}
  thrown in /home/kidscove/public_html/lib/Varien/File/Transfer/Adapter/Http.php on line 96
[02-Nov-2017 17:25:51 UTC] PHP Fatal error:  Uncaught Exception: File '/home/kidscove/public_html/media/wysiwyg/' does not exists. in /home/kidscove/public_html/lib/Varien/File/Transfer/Adapter/Http.php:96
Stack trace:
#0 /home/kidscove/public_html/get.php(205): Varien_File_Transfer_Adapter_Http->send('/home/kidscove/...')
#1 /home/kidscove/public_html/get.php(165): sendFile('/home/kidscove/...')
#2 {main}
  thrown in /home/kidscove/public_html/lib/Varien/File/Transfer/Adapter/Http.php on line 96
[04-Nov-2017 15:25:27 UTC] PHP Fatal error:  Uncaught Exception: File '/home/kidscove/public_html/media/wysiwyg/' does not exists. in /home/kidscove/public_html/lib/Varien/File/Transfer/Adapter/Http.php:96
Stack trace:
#0 /home/kidscove/public_html/get.php(205): Varien_File_Transfer_Adapter_Http->send('/home/kidscove/...')
#1 /home/kidscove/public_html/get.php(165): sendFile('/home/kidscove/...')
#2 {main}
  thrown in /home/kidscove/public_html/lib/Varien/File/Transfer/Adapter/Http.php on line 96
[06-Nov-2017 12:28:52 UTC] PHP Fatal error:  Uncaught Exception: File '/home/kidscove/public_html/media/wysiwyg/' does not exists. in /home/kidscove/public_html/lib/Varien/File/Transfer/Adapter/Http.php:96
Stack trace:
#0 /home/kidscove/public_html/get.php(205): Varien_File_Transfer_Adapter_Http->send('/home/kidscove/...')
#1 /home/kidscove/public_html/get.php(165): sendFile('/home/kidscove/...')
#2 {main}
  thrown in /home/kidscove/public_html/lib/Varien/File/Transfer/Adapter/Http.php on line 96
[08-Nov-2017 08:12:09 UTC] PHP Fatal error:  Uncaught Exception: File '/home/kidscove/public_html/media/wysiwyg/' does not exists. in /home/kidscove/public_html/lib/Varien/File/Transfer/Adapter/Http.php:96
Stack trace:
#0 /home/kidscove/public_html/get.php(205): Varien_File_Transfer_Adapter_Http->send('/home/kidscove/...')
#1 /home/kidscove/public_html/get.php(165): sendFile('/home/kidscove/...')
#2 {main}
  thrown in /home/kidscove/public_html/lib/Varien/File/Transfer/Adapter/Http.php on line 96
[08-Nov-2017 15:35:08 UTC] PHP Fatal error:  Uncaught Error: Call to a member function toHtml() on boolean in /home/kidscove/public_html/app/design/frontend/sahara_digital/ma_sahara_digital9/template/review/product/view/list_tab.phtml:71
Stack trace:
#0 /home/kidscove/public_html/app/code/core/Mage/Core/Block/Template.php(241): include()
#1 /home/kidscove/public_html/app/code/core/Mage/Core/Block/Template.php(272): Mage_Core_Block_Template->fetchView('frontend/sahara...')
#2 /home/kidscove/public_html/app/code/core/Mage/Core/Block/Template.php(286): Mage_Core_Block_Template->renderView()
#3 /home/kidscove/public_html/app/code/core/Mage/Review/Block/Product/View.php(47): Mage_Core_Block_Template->_toHtml()
#4 /home/kidscove/public_html/app/code/core/Mage/Core/Block/Abstract.php(923): Mage_Review_Block_Product_View->_toHtml()
#5 /home/kidscove/public_html/app/code/core/Mage/Core/Block/Abstract.php(641): Mage_Core_Block_Abstract->toHtml()
#6 /home/kidscove/public_html/app/code/core/Mage/Core/Block/Abstract.php(585): Mage_Core_Block_Abstract->_getChildHtml( in /home/kidscove/public_html/app/design/frontend/sahara_digital/ma_sahara_digital9/template/review/product/view/list_tab.phtml on line 71
[10-Nov-2017 19:26:05 UTC] PHP Fatal error:  Uncaught Exception: File '/home/kidscove/public_html/media/wysiwyg/' does not exists. in /home/kidscove/public_html/lib/Varien/File/Transfer/Adapter/Http.php:96
Stack trace:
#0 /home/kidscove/public_html/get.php(205): Varien_File_Transfer_Adapter_Http->send('/home/kidscove/...')
#1 /home/kidscove/public_html/get.php(165): sendFile('/home/kidscove/...')
#2 {main}
  thrown in /home/kidscove/public_html/lib/Varien/File/Transfer/Adapter/Http.php on line 96
[10-Nov-2017 22:31:01 UTC] PHP Fatal error:  Uncaught Exception: File '/home/kidscove/public_html/media/wysiwyg/' does not exists. in /home/kidscove/public_html/lib/Varien/File/Transfer/Adapter/Http.php:96
Stack trace:
#0 /home/kidscove/public_html/get.php(205): Varien_File_Transfer_Adapter_Http->send('/home/kidscove/...')
#1 /home/kidscove/public_html/get.php(165): sendFile('/home/kidscove/...')
#2 {main}
  thrown in /home/kidscove/public_html/lib/Varien/File/Transfer/Adapter/Http.php on line 96
[12-Nov-2017 19:07:06 UTC] PHP Fatal error:  Uncaught Exception: File '/home/kidscove/public_html/media/wysiwyg/' does not exists. in /home/kidscove/public_html/lib/Varien/File/Transfer/Adapter/Http.php:96
Stack trace:
#0 /home/kidscove/public_html/get.php(205): Varien_File_Transfer_Adapter_Http->send('/home/kidscove/...')
#1 /home/kidscove/public_html/get.php(165): sendFile('/home/kidscove/...')
#2 {main}
  thrown in /home/kidscove/public_html/lib/Varien/File/Transfer/Adapter/Http.php on line 96
[14-Nov-2017 19:23:33 UTC] PHP Fatal error:  Uncaught Exception: File '/home/kidscove/public_html/media/wysiwyg/' does not exists. in /home/kidscove/public_html/lib/Varien/File/Transfer/Adapter/Http.php:96
Stack trace:
#0 /home/kidscove/public_html/get.php(205): Varien_File_Transfer_Adapter_Http->send('/home/kidscove/...')
#1 /home/kidscove/public_html/get.php(165): sendFile('/home/kidscove/...')
#2 {main}
  thrown in /home/kidscove/public_html/lib/Varien/File/Transfer/Adapter/Http.php on line 96
[16-Nov-2017 00:57:06 UTC] PHP Fatal error:  Uncaught Exception: File '/home/kidscove/public_html/media/wysiwyg/' does not exists. in /home/kidscove/public_html/lib/Varien/File/Transfer/Adapter/Http.php:96
Stack trace:
#0 /home/kidscove/public_html/get.php(205): Varien_File_Transfer_Adapter_Http->send('/home/kidscove/...')
#1 /home/kidscove/public_html/get.php(165): sendFile('/home/kidscove/...')
#2 {main}
  thrown in /home/kidscove/public_html/lib/Varien/File/Transfer/Adapter/Http.php on line 96
[16-Nov-2017 16:52:51 UTC] PHP Fatal error:  Uncaught Exception: File '/home/kidscove/public_html/media/wysiwyg/' does not exists. in /home/kidscove/public_html/lib/Varien/File/Transfer/Adapter/Http.php:96
Stack trace:
#0 /home/kidscove/public_html/get.php(205): Varien_File_Transfer_Adapter_Http->send('/home/kidscove/...')
#1 /home/kidscove/public_html/get.php(165): sendFile('/home/kidscove/...')
#2 {main}
  thrown in /home/kidscove/public_html/lib/Varien/File/Transfer/Adapter/Http.php on line 96
[20-Nov-2017 15:54:30 UTC] PHP Fatal error:  Uncaught Exception: File '/home/kidscove/public_html/media/wysiwyg/' does not exists. in /home/kidscove/public_html/lib/Varien/File/Transfer/Adapter/Http.php:96
Stack trace:
#0 /home/kidscove/public_html/get.php(205): Varien_File_Transfer_Adapter_Http->send('/home/kidscove/...')
#1 /home/kidscove/public_html/get.php(165): sendFile('/home/kidscove/...')
#2 {main}
  thrown in /home/kidscove/public_html/lib/Varien/File/Transfer/Adapter/Http.php on line 96
[29-Nov-2017 16:34:37 UTC] PHP Fatal error:  Uncaught Exception: File '/home/kidscove/public_html/media/wysiwyg/' does not exists. in /home/kidscove/public_html/lib/Varien/File/Transfer/Adapter/Http.php:96
Stack trace:
#0 /home/kidscove/public_html/get.php(205): Varien_File_Transfer_Adapter_Http->send('/home/kidscove/...')
#1 /home/kidscove/public_html/get.php(165): sendFile('/home/kidscove/...')
#2 {main}
  thrown in /home/kidscove/public_html/lib/Varien/File/Transfer/Adapter/Http.php on line 96
[02-Dec-2017 12:35:52 UTC] PHP Fatal error:  Uncaught Exception: File '/home/kidscove/public_html/media/wysiwyg/' does not exists. in /home/kidscove/public_html/lib/Varien/File/Transfer/Adapter/Http.php:96
Stack trace:
#0 /home/kidscove/public_html/get.php(205): Varien_File_Transfer_Adapter_Http->send('/home/kidscove/...')
#1 /home/kidscove/public_html/get.php(165): sendFile('/home/kidscove/...')
#2 {main}
  thrown in /home/kidscove/public_html/lib/Varien/File/Transfer/Adapter/Http.php on line 96
[07-Dec-2017 01:27:52 UTC] PHP Fatal error:  Uncaught Exception: File '/home/kidscove/public_html/media/wysiwyg/' does not exists. in /home/kidscove/public_html/lib/Varien/File/Transfer/Adapter/Http.php:96
Stack trace:
#0 /home/kidscove/public_html/get.php(205): Varien_File_Transfer_Adapter_Http->send('/home/kidscove/...')
#1 /home/kidscove/public_html/get.php(165): sendFile('/home/kidscove/...')
#2 {main}
  thrown in /home/kidscove/public_html/lib/Varien/File/Transfer/Adapter/Http.php on line 96
[08-Dec-2017 09:29:13 UTC] PHP Fatal error:  Uncaught Exception: File '/home/kidscove/public_html/media/wysiwyg/' does not exists. in /home/kidscove/public_html/lib/Varien/File/Transfer/Adapter/Http.php:96
Stack trace:
#0 /home/kidscove/public_html/get.php(205): Varien_File_Transfer_Adapter_Http->send('/home/kidscove/...')
#1 /home/kidscove/public_html/get.php(165): sendFile('/home/kidscove/...')
#2 {main}
  thrown in /home/kidscove/public_html/lib/Varien/File/Transfer/Adapter/Http.php on line 96
[11-Dec-2017 00:42:06 UTC] PHP Fatal error:  Uncaught Exception: File '/home/kidscove/public_html/media/wysiwyg/' does not exists. in /home/kidscove/public_html/lib/Varien/File/Transfer/Adapter/Http.php:96
Stack trace:
#0 /home/kidscove/public_html/get.php(205): Varien_File_Transfer_Adapter_Http->send('/home/kidscove/...')
#1 /home/kidscove/public_html/get.php(165): sendFile('/home/kidscove/...')
#2 {main}
  thrown in /home/kidscove/public_html/lib/Varien/File/Transfer/Adapter/Http.php on line 96
[12-Dec-2017 08:29:29 UTC] PHP Fatal error:  Uncaught Exception: File '/home/kidscove/public_html/media/wysiwyg/' does not exists. in /home/kidscove/public_html/lib/Varien/File/Transfer/Adapter/Http.php:96
Stack trace:
#0 /home/kidscove/public_html/get.php(205): Varien_File_Transfer_Adapter_Http->send('/home/kidscove/...')
#1 /home/kidscove/public_html/get.php(165): sendFile('/home/kidscove/...')
#2 {main}
  thrown in /home/kidscove/public_html/lib/Varien/File/Transfer/Adapter/Http.php on line 96
[14-Dec-2017 03:19:12 UTC] PHP Fatal error:  Uncaught Exception: File '/home/kidscove/public_html/media/wysiwyg/' does not exists. in /home/kidscove/public_html/lib/Varien/File/Transfer/Adapter/Http.php:96
Stack trace:
#0 /home/kidscove/public_html/get.php(205): Varien_File_Transfer_Adapter_Http->send('/home/kidscove/...')
#1 /home/kidscove/public_html/get.php(165): sendFile('/home/kidscove/...')
#2 {main}
  thrown in /home/kidscove/public_html/lib/Varien/File/Transfer/Adapter/Http.php on line 96
[15-Dec-2017 04:47:27 UTC] PHP Fatal error:  Uncaught Exception: File '/home/kidscove/public_html/media/wysiwyg/' does not exists. in /home/kidscove/public_html/lib/Varien/File/Transfer/Adapter/Http.php:96
Stack trace:
#0 /home/kidscove/public_html/get.php(205): Varien_File_Transfer_Adapter_Http->send('/home/kidscove/...')
#1 /home/kidscove/public_html/get.php(165): sendFile('/home/kidscove/...')
#2 {main}
  thrown in /home/kidscove/public_html/lib/Varien/File/Transfer/Adapter/Http.php on line 96
[31-Dec-2017 01:54:24 UTC] PHP Fatal error:  Uncaught Exception: File '/home/kidscove/public_html/media/css' does not exists. in /home/kidscove/public_html/lib/Varien/File/Transfer/Adapter/Http.php:96
Stack trace:
#0 /home/kidscove/public_html/get.php(205): Varien_File_Transfer_Adapter_Http->send('/home/kidscove/...')
#1 /home/kidscove/public_html/get.php(165): sendFile('/home/kidscove/...')
#2 {main}
  thrown in /home/kidscove/public_html/lib/Varien/File/Transfer/Adapter/Http.php on line 96
[31-Dec-2017 04:51:27 UTC] PHP Fatal error:  Uncaught Exception: File '/home/kidscove/public_html/media/wysiwyg/' does not exists. in /home/kidscove/public_html/lib/Varien/File/Transfer/Adapter/Http.php:96
Stack trace:
#0 /home/kidscove/public_html/get.php(205): Varien_File_Transfer_Adapter_Http->send('/home/kidscove/...')
#1 /home/kidscove/public_html/get.php(165): sendFile('/home/kidscove/...')
#2 {main}
  thrown in /home/kidscove/public_html/lib/Varien/File/Transfer/Adapter/Http.php on line 96
[05-Jan-2018 04:47:21 UTC] PHP Fatal error:  Uncaught Error: Call to a member function toHtml() on boolean in /home/kidscove/public_html/app/design/frontend/sahara_digital/ma_sahara_digital9/template/review/product/view/list_tab.phtml:71
Stack trace:
#0 /home/kidscove/public_html/app/code/core/Mage/Core/Block/Template.php(241): include()
#1 /home/kidscove/public_html/app/code/core/Mage/Core/Block/Template.php(272): Mage_Core_Block_Template->fetchView('frontend/sahara...')
#2 /home/kidscove/public_html/app/code/core/Mage/Core/Block/Template.php(286): Mage_Core_Block_Template->renderView()
#3 /home/kidscove/public_html/app/code/core/Mage/Review/Block/Product/View.php(47): Mage_Core_Block_Template->_toHtml()
#4 /home/kidscove/public_html/app/code/core/Mage/Core/Block/Abstract.php(923): Mage_Review_Block_Product_View->_toHtml()
#5 /home/kidscove/public_html/app/code/core/Mage/Core/Block/Abstract.php(641): Mage_Core_Block_Abstract->toHtml()
#6 /home/kidscove/public_html/app/code/core/Mage/Core/Block/Abstract.php(585): Mage_Core_Block_Abstract->_getChildHtml( in /home/kidscove/public_html/app/design/frontend/sahara_digital/ma_sahara_digital9/template/review/product/view/list_tab.phtml on line 71
[05-Jan-2018 05:58:33 UTC] PHP Fatal error:  Uncaught Error: Call to a member function toHtml() on boolean in /home/kidscove/public_html/app/design/frontend/sahara_digital/ma_sahara_digital9/template/review/product/view/list_tab.phtml:71
Stack trace:
#0 /home/kidscove/public_html/app/code/core/Mage/Core/Block/Template.php(241): include()
#1 /home/kidscove/public_html/app/code/core/Mage/Core/Block/Template.php(272): Mage_Core_Block_Template->fetchView('frontend/sahara...')
#2 /home/kidscove/public_html/app/code/core/Mage/Core/Block/Template.php(286): Mage_Core_Block_Template->renderView()
#3 /home/kidscove/public_html/app/code/core/Mage/Review/Block/Product/View.php(47): Mage_Core_Block_Template->_toHtml()
#4 /home/kidscove/public_html/app/code/core/Mage/Core/Block/Abstract.php(923): Mage_Review_Block_Product_View->_toHtml()
#5 /home/kidscove/public_html/app/code/core/Mage/Core/Block/Abstract.php(641): Mage_Core_Block_Abstract->toHtml()
#6 /home/kidscove/public_html/app/code/core/Mage/Core/Block/Abstract.php(585): Mage_Core_Block_Abstract->_getChildHtml( in /home/kidscove/public_html/app/design/frontend/sahara_digital/ma_sahara_digital9/template/review/product/view/list_tab.phtml on line 71
[05-Jan-2018 05:58:47 UTC] PHP Fatal error:  Uncaught Error: Call to a member function toHtml() on boolean in /home/kidscove/public_html/app/design/frontend/sahara_digital/ma_sahara_digital9/template/review/product/view/list_tab.phtml:71
Stack trace:
#0 /home/kidscove/public_html/app/code/core/Mage/Core/Block/Template.php(241): include()
#1 /home/kidscove/public_html/app/code/core/Mage/Core/Block/Template.php(272): Mage_Core_Block_Template->fetchView('frontend/sahara...')
#2 /home/kidscove/public_html/app/code/core/Mage/Core/Block/Template.php(286): Mage_Core_Block_Template->renderView()
#3 /home/kidscove/public_html/app/code/core/Mage/Review/Block/Product/View.php(47): Mage_Core_Block_Template->_toHtml()
#4 /home/kidscove/public_html/app/code/core/Mage/Core/Block/Abstract.php(923): Mage_Review_Block_Product_View->_toHtml()
#5 /home/kidscove/public_html/app/code/core/Mage/Core/Block/Abstract.php(641): Mage_Core_Block_Abstract->toHtml()
#6 /home/kidscove/public_html/app/code/core/Mage/Core/Block/Abstract.php(585): Mage_Core_Block_Abstract->_getChildHtml( in /home/kidscove/public_html/app/design/frontend/sahara_digital/ma_sahara_digital9/template/review/product/view/list_tab.phtml on line 71
[05-Jan-2018 05:59:02 UTC] PHP Fatal error:  Uncaught Error: Call to a member function toHtml() on boolean in /home/kidscove/public_html/app/design/frontend/sahara_digital/ma_sahara_digital9/template/review/product/view/list_tab.phtml:71
Stack trace:
#0 /home/kidscove/public_html/app/code/core/Mage/Core/Block/Template.php(241): include()
#1 /home/kidscove/public_html/app/code/core/Mage/Core/Block/Template.php(272): Mage_Core_Block_Template->fetchView('frontend/sahara...')
#2 /home/kidscove/public_html/app/code/core/Mage/Core/Block/Template.php(286): Mage_Core_Block_Template->renderView()
#3 /home/kidscove/public_html/app/code/core/Mage/Review/Block/Product/View.php(47): Mage_Core_Block_Template->_toHtml()
#4 /home/kidscove/public_html/app/code/core/Mage/Core/Block/Abstract.php(923): Mage_Review_Block_Product_View->_toHtml()
#5 /home/kidscove/public_html/app/code/core/Mage/Core/Block/Abstract.php(641): Mage_Core_Block_Abstract->toHtml()
#6 /home/kidscove/public_html/app/code/core/Mage/Core/Block/Abstract.php(585): Mage_Core_Block_Abstract->_getChildHtml( in /home/kidscove/public_html/app/design/frontend/sahara_digital/ma_sahara_digital9/template/review/product/view/list_tab.phtml on line 71
[05-Jan-2018 05:59:18 UTC] PHP Fatal error:  Uncaught Error: Call to a member function toHtml() on boolean in /home/kidscove/public_html/app/design/frontend/sahara_digital/ma_sahara_digital9/template/review/product/view/list_tab.phtml:71
Stack trace:
#0 /home/kidscove/public_html/app/code/core/Mage/Core/Block/Template.php(241): include()
#1 /home/kidscove/public_html/app/code/core/Mage/Core/Block/Template.php(272): Mage_Core_Block_Template->fetchView('frontend/sahara...')
#2 /home/kidscove/public_html/app/code/core/Mage/Core/Block/Template.php(286): Mage_Core_Block_Template->renderView()
#3 /home/kidscove/public_html/app/code/core/Mage/Review/Block/Product/View.php(47): Mage_Core_Block_Template->_toHtml()
#4 /home/kidscove/public_html/app/code/core/Mage/Core/Block/Abstract.php(923): Mage_Review_Block_Product_View->_toHtml()
#5 /home/kidscove/public_html/app/code/core/Mage/Core/Block/Abstract.php(641): Mage_Core_Block_Abstract->toHtml()
#6 /home/kidscove/public_html/app/code/core/Mage/Core/Block/Abstract.php(585): Mage_Core_Block_Abstract->_getChildHtml( in /home/kidscove/public_html/app/design/frontend/sahara_digital/ma_sahara_digital9/template/review/product/view/list_tab.phtml on line 71
[05-Jan-2018 05:59:37 UTC] PHP Fatal error:  Uncaught Error: Call to a member function toHtml() on boolean in /home/kidscove/public_html/app/design/frontend/sahara_digital/ma_sahara_digital9/template/review/product/view/list_tab.phtml:71
Stack trace:
#0 /home/kidscove/public_html/app/code/core/Mage/Core/Block/Template.php(241): include()
#1 /home/kidscove/public_html/app/code/core/Mage/Core/Block/Template.php(272): Mage_Core_Block_Template->fetchView('frontend/sahara...')
#2 /home/kidscove/public_html/app/code/core/Mage/Core/Block/Template.php(286): Mage_Core_Block_Template->renderView()
#3 /home/kidscove/public_html/app/code/core/Mage/Review/Block/Product/View.php(47): Mage_Core_Block_Template->_toHtml()
#4 /home/kidscove/public_html/app/code/core/Mage/Core/Block/Abstract.php(923): Mage_Review_Block_Product_View->_toHtml()
#5 /home/kidscove/public_html/app/code/core/Mage/Core/Block/Abstract.php(641): Mage_Core_Block_Abstract->toHtml()
#6 /home/kidscove/public_html/app/code/core/Mage/Core/Block/Abstract.php(585): Mage_Core_Block_Abstract->_getChildHtml( in /home/kidscove/public_html/app/design/frontend/sahara_digital/ma_sahara_digital9/template/review/product/view/list_tab.phtml on line 71
[05-Jan-2018 06:03:40 UTC] PHP Fatal error:  Uncaught Error: Call to a member function toHtml() on boolean in /home/kidscove/public_html/app/design/frontend/sahara_digital/ma_sahara_digital9/template/review/product/view/list_tab.phtml:71
Stack trace:
#0 /home/kidscove/public_html/app/code/core/Mage/Core/Block/Template.php(241): include()
#1 /home/kidscove/public_html/app/code/core/Mage/Core/Block/Template.php(272): Mage_Core_Block_Template->fetchView('frontend/sahara...')
#2 /home/kidscove/public_html/app/code/core/Mage/Core/Block/Template.php(286): Mage_Core_Block_Template->renderView()
#3 /home/kidscove/public_html/app/code/core/Mage/Review/Block/Product/View.php(47): Mage_Core_Block_Template->_toHtml()
#4 /home/kidscove/public_html/app/code/core/Mage/Core/Block/Abstract.php(923): Mage_Review_Block_Product_View->_toHtml()
#5 /home/kidscove/public_html/app/code/core/Mage/Core/Block/Abstract.php(641): Mage_Core_Block_Abstract->toHtml()
#6 /home/kidscove/public_html/app/code/core/Mage/Core/Block/Abstract.php(585): Mage_Core_Block_Abstract->_getChildHtml( in /home/kidscove/public_html/app/design/frontend/sahara_digital/ma_sahara_digital9/template/review/product/view/list_tab.phtml on line 71
[05-Jan-2018 06:04:09 UTC] PHP Fatal error:  Uncaught Error: Call to a member function toHtml() on boolean in /home/kidscove/public_html/app/design/frontend/sahara_digital/ma_sahara_digital9/template/review/product/view/list_tab.phtml:71
Stack trace:
#0 /home/kidscove/public_html/app/code/core/Mage/Core/Block/Template.php(241): include()
#1 /home/kidscove/public_html/app/code/core/Mage/Core/Block/Template.php(272): Mage_Core_Block_Template->fetchView('frontend/sahara...')
#2 /home/kidscove/public_html/app/code/core/Mage/Core/Block/Template.php(286): Mage_Core_Block_Template->renderView()
#3 /home/kidscove/public_html/app/code/core/Mage/Review/Block/Product/View.php(47): Mage_Core_Block_Template->_toHtml()
#4 /home/kidscove/public_html/app/code/core/Mage/Core/Block/Abstract.php(923): Mage_Review_Block_Product_View->_toHtml()
#5 /home/kidscove/public_html/app/code/core/Mage/Core/Block/Abstract.php(641): Mage_Core_Block_Abstract->toHtml()
#6 /home/kidscove/public_html/app/code/core/Mage/Core/Block/Abstract.php(585): Mage_Core_Block_Abstract->_getChildHtml( in /home/kidscove/public_html/app/design/frontend/sahara_digital/ma_sahara_digital9/template/review/product/view/list_tab.phtml on line 71
[05-Jan-2018 06:04:26 UTC] PHP Fatal error:  Uncaught Error: Call to a member function toHtml() on boolean in /home/kidscove/public_html/app/design/frontend/sahara_digital/ma_sahara_digital9/template/review/product/view/list_tab.phtml:71
Stack trace:
#0 /home/kidscove/public_html/app/code/core/Mage/Core/Block/Template.php(241): include()
#1 /home/kidscove/public_html/app/code/core/Mage/Core/Block/Template.php(272): Mage_Core_Block_Template->fetchView('frontend/sahara...')
#2 /home/kidscove/public_html/app/code/core/Mage/Core/Block/Template.php(286): Mage_Core_Block_Template->renderView()
#3 /home/kidscove/public_html/app/code/core/Mage/Review/Block/Product/View.php(47): Mage_Core_Block_Template->_toHtml()
#4 /home/kidscove/public_html/app/code/core/Mage/Core/Block/Abstract.php(923): Mage_Review_Block_Product_View->_toHtml()
#5 /home/kidscove/public_html/app/code/core/Mage/Core/Block/Abstract.php(641): Mage_Core_Block_Abstract->toHtml()
#6 /home/kidscove/public_html/app/code/core/Mage/Core/Block/Abstract.php(585): Mage_Core_Block_Abstract->_getChildHtml( in /home/kidscove/public_html/app/design/frontend/sahara_digital/ma_sahara_digital9/template/review/product/view/list_tab.phtml on line 71
[05-Jan-2018 07:17:46 UTC] PHP Fatal error:  Uncaught Error: Call to a member function toHtml() on boolean in /home/kidscove/public_html/app/design/frontend/sahara_digital/ma_sahara_digital9/template/review/product/view/list_tab.phtml:71
Stack trace:
#0 /home/kidscove/public_html/app/code/core/Mage/Core/Block/Template.php(241): include()
#1 /home/kidscove/public_html/app/code/core/Mage/Core/Block/Template.php(272): Mage_Core_Block_Template->fetchView('frontend/sahara...')
#2 /home/kidscove/public_html/app/code/core/Mage/Core/Block/Template.php(286): Mage_Core_Block_Template->renderView()
#3 /home/kidscove/public_html/app/code/core/Mage/Review/Block/Product/View.php(47): Mage_Core_Block_Template->_toHtml()
#4 /home/kidscove/public_html/app/code/core/Mage/Core/Block/Abstract.php(923): Mage_Review_Block_Product_View->_toHtml()
#5 /home/kidscove/public_html/app/code/core/Mage/Core/Block/Abstract.php(641): Mage_Core_Block_Abstract->toHtml()
#6 /home/kidscove/public_html/app/code/core/Mage/Core/Block/Abstract.php(585): Mage_Core_Block_Abstract->_getChildHtml( in /home/kidscove/public_html/app/design/frontend/sahara_digital/ma_sahara_digital9/template/review/product/view/list_tab.phtml on line 71
[05-Jan-2018 07:18:42 UTC] PHP Fatal error:  Uncaught Error: Call to a member function toHtml() on boolean in /home/kidscove/public_html/app/design/frontend/sahara_digital/ma_sahara_digital9/template/review/product/view/list_tab.phtml:71
Stack trace:
#0 /home/kidscove/public_html/app/code/core/Mage/Core/Block/Template.php(241): include()
#1 /home/kidscove/public_html/app/code/core/Mage/Core/Block/Template.php(272): Mage_Core_Block_Template->fetchView('frontend/sahara...')
#2 /home/kidscove/public_html/app/code/core/Mage/Core/Block/Template.php(286): Mage_Core_Block_Template->renderView()
#3 /home/kidscove/public_html/app/code/core/Mage/Review/Block/Product/View.php(47): Mage_Core_Block_Template->_toHtml()
#4 /home/kidscove/public_html/app/code/core/Mage/Core/Block/Abstract.php(923): Mage_Review_Block_Product_View->_toHtml()
#5 /home/kidscove/public_html/app/code/core/Mage/Core/Block/Abstract.php(641): Mage_Core_Block_Abstract->toHtml()
#6 /home/kidscove/public_html/app/code/core/Mage/Core/Block/Abstract.php(585): Mage_Core_Block_Abstract->_getChildHtml( in /home/kidscove/public_html/app/design/frontend/sahara_digital/ma_sahara_digital9/template/review/product/view/list_tab.phtml on line 71
[05-Jan-2018 08:06:23 UTC] PHP Fatal error:  Uncaught Error: Call to a member function toHtml() on boolean in /home/kidscove/public_html/app/design/frontend/sahara_digital/ma_sahara_digital9/template/review/product/view/list_tab.phtml:71
Stack trace:
#0 /home/kidscove/public_html/app/code/core/Mage/Core/Block/Template.php(241): include()
#1 /home/kidscove/public_html/app/code/core/Mage/Core/Block/Template.php(272): Mage_Core_Block_Template->fetchView('frontend/sahara...')
#2 /home/kidscove/public_html/app/code/core/Mage/Core/Block/Template.php(286): Mage_Core_Block_Template->renderView()
#3 /home/kidscove/public_html/app/code/core/Mage/Review/Block/Product/View.php(47): Mage_Core_Block_Template->_toHtml()
#4 /home/kidscove/public_html/app/code/core/Mage/Core/Block/Abstract.php(923): Mage_Review_Block_Product_View->_toHtml()
#5 /home/kidscove/public_html/app/code/core/Mage/Core/Block/Abstract.php(641): Mage_Core_Block_Abstract->toHtml()
#6 /home/kidscove/public_html/app/code/core/Mage/Core/Block/Abstract.php(585): Mage_Core_Block_Abstract->_getChildHtml( in /home/kidscove/public_html/app/design/frontend/sahara_digital/ma_sahara_digital9/template/review/product/view/list_tab.phtml on line 71
[05-Jan-2018 08:36:27 UTC] PHP Fatal error:  Uncaught Error: Call to a member function toHtml() on boolean in /home/kidscove/public_html/app/design/frontend/sahara_digital/ma_sahara_digital9/template/review/product/view/list_tab.phtml:71
Stack trace:
#0 /home/kidscove/public_html/app/code/core/Mage/Core/Block/Template.php(241): include()
#1 /home/kidscove/public_html/app/code/core/Mage/Core/Block/Template.php(272): Mage_Core_Block_Template->fetchView('frontend/sahara...')
#2 /home/kidscove/public_html/app/code/core/Mage/Core/Block/Template.php(286): Mage_Core_Block_Template->renderView()
#3 /home/kidscove/public_html/app/code/core/Mage/Review/Block/Product/View.php(47): Mage_Core_Block_Template->_toHtml()
#4 /home/kidscove/public_html/app/code/core/Mage/Core/Block/Abstract.php(923): Mage_Review_Block_Product_View->_toHtml()
#5 /home/kidscove/public_html/app/code/core/Mage/Core/Block/Abstract.php(641): Mage_Core_Block_Abstract->toHtml()
#6 /home/kidscove/public_html/app/code/core/Mage/Core/Block/Abstract.php(585): Mage_Core_Block_Abstract->_getChildHtml( in /home/kidscove/public_html/app/design/frontend/sahara_digital/ma_sahara_digital9/template/review/product/view/list_tab.phtml on line 71
[05-Jan-2018 08:36:48 UTC] PHP Fatal error:  Uncaught Error: Call to a member function toHtml() on boolean in /home/kidscove/public_html/app/design/frontend/sahara_digital/ma_sahara_digital9/template/review/product/view/list_tab.phtml:71
Stack trace:
#0 /home/kidscove/public_html/app/code/core/Mage/Core/Block/Template.php(241): include()
#1 /home/kidscove/public_html/app/code/core/Mage/Core/Block/Template.php(272): Mage_Core_Block_Template->fetchView('frontend/sahara...')
#2 /home/kidscove/public_html/app/code/core/Mage/Core/Block/Template.php(286): Mage_Core_Block_Template->renderView()
#3 /home/kidscove/public_html/app/code/core/Mage/Review/Block/Product/View.php(47): Mage_Core_Block_Template->_toHtml()
#4 /home/kidscove/public_html/app/code/core/Mage/Core/Block/Abstract.php(923): Mage_Review_Block_Product_View->_toHtml()
#5 /home/kidscove/public_html/app/code/core/Mage/Core/Block/Abstract.php(641): Mage_Core_Block_Abstract->toHtml()
#6 /home/kidscove/public_html/app/code/core/Mage/Core/Block/Abstract.php(585): Mage_Core_Block_Abstract->_getChildHtml( in /home/kidscove/public_html/app/design/frontend/sahara_digital/ma_sahara_digital9/template/review/product/view/list_tab.phtml on line 71
[05-Jan-2018 08:37:13 UTC] PHP Fatal error:  Uncaught Error: Call to a member function toHtml() on boolean in /home/kidscove/public_html/app/design/frontend/sahara_digital/ma_sahara_digital9/template/review/product/view/list_tab.phtml:71
Stack trace:
#0 /home/kidscove/public_html/app/code/core/Mage/Core/Block/Template.php(241): include()
#1 /home/kidscove/public_html/app/code/core/Mage/Core/Block/Template.php(272): Mage_Core_Block_Template->fetchView('frontend/sahara...')
#2 /home/kidscove/public_html/app/code/core/Mage/Core/Block/Template.php(286): Mage_Core_Block_Template->renderView()
#3 /home/kidscove/public_html/app/code/core/Mage/Review/Block/Product/View.php(47): Mage_Core_Block_Template->_toHtml()
#4 /home/kidscove/public_html/app/code/core/Mage/Core/Block/Abstract.php(923): Mage_Review_Block_Product_View->_toHtml()
#5 /home/kidscove/public_html/app/code/core/Mage/Core/Block/Abstract.php(641): Mage_Core_Block_Abstract->toHtml()
#6 /home/kidscove/public_html/app/code/core/Mage/Core/Block/Abstract.php(585): Mage_Core_Block_Abstract->_getChildHtml( in /home/kidscove/public_html/app/design/frontend/sahara_digital/ma_sahara_digital9/template/review/product/view/list_tab.phtml on line 71
[05-Jan-2018 08:53:04 UTC] PHP Fatal error:  Uncaught Error: Call to a member function toHtml() on boolean in /home/kidscove/public_html/app/design/frontend/sahara_digital/ma_sahara_digital9/template/review/product/view/list_tab.phtml:71
Stack trace:
#0 /home/kidscove/public_html/app/code/core/Mage/Core/Block/Template.php(241): include()
#1 /home/kidscove/public_html/app/code/core/Mage/Core/Block/Template.php(272): Mage_Core_Block_Template->fetchView('frontend/sahara...')
#2 /home/kidscove/public_html/app/code/core/Mage/Core/Block/Template.php(286): Mage_Core_Block_Template->renderView()
#3 /home/kidscove/public_html/app/code/core/Mage/Review/Block/Product/View.php(47): Mage_Core_Block_Template->_toHtml()
#4 /home/kidscove/public_html/app/code/core/Mage/Core/Block/Abstract.php(923): Mage_Review_Block_Product_View->_toHtml()
#5 /home/kidscove/public_html/app/code/core/Mage/Core/Block/Abstract.php(641): Mage_Core_Block_Abstract->toHtml()
#6 /home/kidscove/public_html/app/code/core/Mage/Core/Block/Abstract.php(585): Mage_Core_Block_Abstract->_getChildHtml( in /home/kidscove/public_html/app/design/frontend/sahara_digital/ma_sahara_digital9/template/review/product/view/list_tab.phtml on line 71
[05-Jan-2018 08:53:15 UTC] PHP Fatal error:  Uncaught Error: Call to a member function toHtml() on boolean in /home/kidscove/public_html/app/design/frontend/sahara_digital/ma_sahara_digital9/template/review/product/view/list_tab.phtml:71
Stack trace:
#0 /home/kidscove/public_html/app/code/core/Mage/Core/Block/Template.php(241): include()
#1 /home/kidscove/public_html/app/code/core/Mage/Core/Block/Template.php(272): Mage_Core_Block_Template->fetchView('frontend/sahara...')
#2 /home/kidscove/public_html/app/code/core/Mage/Core/Block/Template.php(286): Mage_Core_Block_Template->renderView()
#3 /home/kidscove/public_html/app/code/core/Mage/Review/Block/Product/View.php(47): Mage_Core_Block_Template->_toHtml()
#4 /home/kidscove/public_html/app/code/core/Mage/Core/Block/Abstract.php(923): Mage_Review_Block_Product_View->_toHtml()
#5 /home/kidscove/public_html/app/code/core/Mage/Core/Block/Abstract.php(641): Mage_Core_Block_Abstract->toHtml()
#6 /home/kidscove/public_html/app/code/core/Mage/Core/Block/Abstract.php(585): Mage_Core_Block_Abstract->_getChildHtml( in /home/kidscove/public_html/app/design/frontend/sahara_digital/ma_sahara_digital9/template/review/product/view/list_tab.phtml on line 71
[05-Jan-2018 08:53:28 UTC] PHP Fatal error:  Uncaught Error: Call to a member function toHtml() on boolean in /home/kidscove/public_html/app/design/frontend/sahara_digital/ma_sahara_digital9/template/review/product/view/list_tab.phtml:71
Stack trace:
#0 /home/kidscove/public_html/app/code/core/Mage/Core/Block/Template.php(241): include()
#1 /home/kidscove/public_html/app/code/core/Mage/Core/Block/Template.php(272): Mage_Core_Block_Template->fetchView('frontend/sahara...')
#2 /home/kidscove/public_html/app/code/core/Mage/Core/Block/Template.php(286): Mage_Core_Block_Template->renderView()
#3 /home/kidscove/public_html/app/code/core/Mage/Review/Block/Product/View.php(47): Mage_Core_Block_Template->_toHtml()
#4 /home/kidscove/public_html/app/code/core/Mage/Core/Block/Abstract.php(923): Mage_Review_Block_Product_View->_toHtml()
#5 /home/kidscove/public_html/app/code/core/Mage/Core/Block/Abstract.php(641): Mage_Core_Block_Abstract->toHtml()
#6 /home/kidscove/public_html/app/code/core/Mage/Core/Block/Abstract.php(585): Mage_Core_Block_Abstract->_getChildHtml( in /home/kidscove/public_html/app/design/frontend/sahara_digital/ma_sahara_digital9/template/review/product/view/list_tab.phtml on line 71
[05-Jan-2018 08:53:42 UTC] PHP Fatal error:  Uncaught Error: Call to a member function toHtml() on boolean in /home/kidscove/public_html/app/design/frontend/sahara_digital/ma_sahara_digital9/template/review/product/view/list_tab.phtml:71
Stack trace:
#0 /home/kidscove/public_html/app/code/core/Mage/Core/Block/Template.php(241): include()
#1 /home/kidscove/public_html/app/code/core/Mage/Core/Block/Template.php(272): Mage_Core_Block_Template->fetchView('frontend/sahara...')
#2 /home/kidscove/public_html/app/code/core/Mage/Core/Block/Template.php(286): Mage_Core_Block_Template->renderView()
#3 /home/kidscove/public_html/app/code/core/Mage/Review/Block/Product/View.php(47): Mage_Core_Block_Template->_toHtml()
#4 /home/kidscove/public_html/app/code/core/Mage/Core/Block/Abstract.php(923): Mage_Review_Block_Product_View->_toHtml()
#5 /home/kidscove/public_html/app/code/core/Mage/Core/Block/Abstract.php(641): Mage_Core_Block_Abstract->toHtml()
#6 /home/kidscove/public_html/app/code/core/Mage/Core/Block/Abstract.php(585): Mage_Core_Block_Abstract->_getChildHtml( in /home/kidscove/public_html/app/design/frontend/sahara_digital/ma_sahara_digital9/template/review/product/view/list_tab.phtml on line 71
[05-Jan-2018 08:53:54 UTC] PHP Fatal error:  Uncaught Error: Call to a member function toHtml() on boolean in /home/kidscove/public_html/app/design/frontend/sahara_digital/ma_sahara_digital9/template/review/product/view/list_tab.phtml:71
Stack trace:
#0 /home/kidscove/public_html/app/code/core/Mage/Core/Block/Template.php(241): include()
#1 /home/kidscove/public_html/app/code/core/Mage/Core/Block/Template.php(272): Mage_Core_Block_Template->fetchView('frontend/sahara...')
#2 /home/kidscove/public_html/app/code/core/Mage/Core/Block/Template.php(286): Mage_Core_Block_Template->renderView()
#3 /home/kidscove/public_html/app/code/core/Mage/Review/Block/Product/View.php(47): Mage_Core_Block_Template->_toHtml()
#4 /home/kidscove/public_html/app/code/core/Mage/Core/Block/Abstract.php(923): Mage_Review_Block_Product_View->_toHtml()
#5 /home/kidscove/public_html/app/code/core/Mage/Core/Block/Abstract.php(641): Mage_Core_Block_Abstract->toHtml()
#6 /home/kidscove/public_html/app/code/core/Mage/Core/Block/Abstract.php(585): Mage_Core_Block_Abstract->_getChildHtml( in /home/kidscove/public_html/app/design/frontend/sahara_digital/ma_sahara_digital9/template/review/product/view/list_tab.phtml on line 71
[05-Jan-2018 09:38:35 UTC] PHP Fatal error:  Uncaught Error: Call to a member function toHtml() on boolean in /home/kidscove/public_html/app/design/frontend/sahara_digital/ma_sahara_digital9/template/review/product/view/list_tab.phtml:71
Stack trace:
#0 /home/kidscove/public_html/app/code/core/Mage/Core/Block/Template.php(241): include()
#1 /home/kidscove/public_html/app/code/core/Mage/Core/Block/Template.php(272): Mage_Core_Block_Template->fetchView('frontend/sahara...')
#2 /home/kidscove/public_html/app/code/core/Mage/Core/Block/Template.php(286): Mage_Core_Block_Template->renderView()
#3 /home/kidscove/public_html/app/code/core/Mage/Review/Block/Product/View.php(47): Mage_Core_Block_Template->_toHtml()
#4 /home/kidscove/public_html/app/code/core/Mage/Core/Block/Abstract.php(923): Mage_Review_Block_Product_View->_toHtml()
#5 /home/kidscove/public_html/app/code/core/Mage/Core/Block/Abstract.php(641): Mage_Core_Block_Abstract->toHtml()
#6 /home/kidscove/public_html/app/code/core/Mage/Core/Block/Abstract.php(585): Mage_Core_Block_Abstract->_getChildHtml( in /home/kidscove/public_html/app/design/frontend/sahara_digital/ma_sahara_digital9/template/review/product/view/list_tab.phtml on line 71
[05-Jan-2018 09:38:55 UTC] PHP Fatal error:  Uncaught Error: Call to a member function toHtml() on boolean in /home/kidscove/public_html/app/design/frontend/sahara_digital/ma_sahara_digital9/template/review/product/view/list_tab.phtml:71
Stack trace:
#0 /home/kidscove/public_html/app/code/core/Mage/Core/Block/Template.php(241): include()
#1 /home/kidscove/public_html/app/code/core/Mage/Core/Block/Template.php(272): Mage_Core_Block_Template->fetchView('frontend/sahara...')
#2 /home/kidscove/public_html/app/code/core/Mage/Core/Block/Template.php(286): Mage_Core_Block_Template->renderView()
#3 /home/kidscove/public_html/app/code/core/Mage/Review/Block/Product/View.php(47): Mage_Core_Block_Template->_toHtml()
#4 /home/kidscove/public_html/app/code/core/Mage/Core/Block/Abstract.php(923): Mage_Review_Block_Product_View->_toHtml()
#5 /home/kidscove/public_html/app/code/core/Mage/Core/Block/Abstract.php(641): Mage_Core_Block_Abstract->toHtml()
#6 /home/kidscove/public_html/app/code/core/Mage/Core/Block/Abstract.php(585): Mage_Core_Block_Abstract->_getChildHtml( in /home/kidscove/public_html/app/design/frontend/sahara_digital/ma_sahara_digital9/template/review/product/view/list_tab.phtml on line 71
[06-Jan-2018 19:21:45 UTC] PHP Fatal error:  Uncaught Error: Call to a member function toHtml() on boolean in /home/kidscove/public_html/app/design/frontend/sahara_digital/ma_sahara_digital9/template/review/product/view/list_tab.phtml:71
Stack trace:
#0 /home/kidscove/public_html/app/code/core/Mage/Core/Block/Template.php(241): include()
#1 /home/kidscove/public_html/app/code/core/Mage/Core/Block/Template.php(272): Mage_Core_Block_Template->fetchView('frontend/sahara...')
#2 /home/kidscove/public_html/app/code/core/Mage/Core/Block/Template.php(286): Mage_Core_Block_Template->renderView()
#3 /home/kidscove/public_html/app/code/core/Mage/Review/Block/Product/View.php(47): Mage_Core_Block_Template->_toHtml()
#4 /home/kidscove/public_html/app/code/core/Mage/Core/Block/Abstract.php(923): Mage_Review_Block_Product_View->_toHtml()
#5 /home/kidscove/public_html/app/code/core/Mage/Core/Block/Abstract.php(641): Mage_Core_Block_Abstract->toHtml()
#6 /home/kidscove/public_html/app/code/core/Mage/Core/Block/Abstract.php(585): Mage_Core_Block_Abstract->_getChildHtml( in /home/kidscove/public_html/app/design/frontend/sahara_digital/ma_sahara_digital9/template/review/product/view/list_tab.phtml on line 71
[16-Jan-2018 02:33:56 UTC] PHP Fatal error:  Uncaught Exception: File '/home/kidscove/public_html/media/wysiwyg/' does not exists. in /home/kidscove/public_html/lib/Varien/File/Transfer/Adapter/Http.php:96
Stack trace:
#0 /home/kidscove/public_html/get.php(205): Varien_File_Transfer_Adapter_Http->send('/home/kidscove/...')
#1 /home/kidscove/public_html/get.php(165): sendFile('/home/kidscove/...')
#2 {main}
  thrown in /home/kidscove/public_html/lib/Varien/File/Transfer/Adapter/Http.php on line 96
[17-Jan-2018 02:23:05 UTC] PHP Fatal error:  Uncaught Exception: File '/home/kidscove/public_html/media/wysiwyg/' does not exists. in /home/kidscove/public_html/lib/Varien/File/Transfer/Adapter/Http.php:96
Stack trace:
#0 /home/kidscove/public_html/get.php(205): Varien_File_Transfer_Adapter_Http->send('/home/kidscove/...')
#1 /home/kidscove/public_html/get.php(165): sendFile('/home/kidscove/...')
#2 {main}
  thrown in /home/kidscove/public_html/lib/Varien/File/Transfer/Adapter/Http.php on line 96
[18-Jan-2018 22:44:43 UTC] PHP Fatal error:  Uncaught Exception: File '/home/kidscove/public_html/media/wysiwyg/' does not exists. in /home/kidscove/public_html/lib/Varien/File/Transfer/Adapter/Http.php:96
Stack trace:
#0 /home/kidscove/public_html/get.php(205): Varien_File_Transfer_Adapter_Http->send('/home/kidscove/...')
#1 /home/kidscove/public_html/get.php(165): sendFile('/home/kidscove/...')
#2 {main}
  thrown in /home/kidscove/public_html/lib/Varien/File/Transfer/Adapter/Http.php on line 96
[20-Jan-2018 06:53:06 UTC] PHP Fatal error:  Uncaught Exception: File '/home/kidscove/public_html/media/wysiwyg/' does not exists. in /home/kidscove/public_html/lib/Varien/File/Transfer/Adapter/Http.php:96
Stack trace:
#0 /home/kidscove/public_html/get.php(205): Varien_File_Transfer_Adapter_Http->send('/home/kidscove/...')
#1 /home/kidscove/public_html/get.php(165): sendFile('/home/kidscove/...')
#2 {main}
  thrown in /home/kidscove/public_html/lib/Varien/File/Transfer/Adapter/Http.php on line 96
[20-Jan-2018 18:21:46 UTC] PHP Fatal error:  Uncaught Exception: File '/home/kidscove/public_html/media/wysiwyg/' does not exists. in /home/kidscove/public_html/lib/Varien/File/Transfer/Adapter/Http.php:96
Stack trace:
#0 /home/kidscove/public_html/get.php(205): Varien_File_Transfer_Adapter_Http->send('/home/kidscove/...')
#1 /home/kidscove/public_html/get.php(165): sendFile('/home/kidscove/...')
#2 {main}
  thrown in /home/kidscove/public_html/lib/Varien/File/Transfer/Adapter/Http.php on line 96
[21-Jan-2018 04:39:01 UTC] PHP Fatal error:  Uncaught Exception: File '/home/kidscove/public_html/media/wysiwyg/' does not exists. in /home/kidscove/public_html/lib/Varien/File/Transfer/Adapter/Http.php:96
Stack trace:
#0 /home/kidscove/public_html/get.php(205): Varien_File_Transfer_Adapter_Http->send('/home/kidscove/...')
#1 /home/kidscove/public_html/get.php(165): sendFile('/home/kidscove/...')
#2 {main}
  thrown in /home/kidscove/public_html/lib/Varien/File/Transfer/Adapter/Http.php on line 96
[23-Jan-2018 16:08:25 UTC] PHP Fatal error:  Uncaught Exception: File '/home/kidscove/public_html/media/wysiwyg/' does not exists. in /home/kidscove/public_html/lib/Varien/File/Transfer/Adapter/Http.php:96
Stack trace:
#0 /home/kidscove/public_html/get.php(205): Varien_File_Transfer_Adapter_Http->send('/home/kidscove/...')
#1 /home/kidscove/public_html/get.php(165): sendFile('/home/kidscove/...')
#2 {main}
  thrown in /home/kidscove/public_html/lib/Varien/File/Transfer/Adapter/Http.php on line 96
[27-Jan-2018 11:43:51 UTC] PHP Fatal error:  Uncaught Exception: File '/home/kidscove/public_html/media/wysiwyg/' does not exists. in /home/kidscove/public_html/lib/Varien/File/Transfer/Adapter/Http.php:96
Stack trace:
#0 /home/kidscove/public_html/get.php(205): Varien_File_Transfer_Adapter_Http->send('/home/kidscove/...')
#1 /home/kidscove/public_html/get.php(165): sendFile('/home/kidscove/...')
#2 {main}
  thrown in /home/kidscove/public_html/lib/Varien/File/Transfer/Adapter/Http.php on line 96
[29-Jan-2018 19:50:57 UTC] PHP Fatal error:  Uncaught Exception: File '/home/kidscove/public_html/media/wysiwyg/' does not exists. in /home/kidscove/public_html/lib/Varien/File/Transfer/Adapter/Http.php:96
Stack trace:
#0 /home/kidscove/public_html/get.php(205): Varien_File_Transfer_Adapter_Http->send('/home/kidscove/...')
#1 /home/kidscove/public_html/get.php(165): sendFile('/home/kidscove/...')
#2 {main}
  thrown in /home/kidscove/public_html/lib/Varien/File/Transfer/Adapter/Http.php on line 96
[30-Jan-2018 08:03:03 UTC] PHP Fatal error:  Uncaught Error: Class '' not found in /home/kidscove/public_html/app/code/core/Mage/Dataflow/Model/Convert/Action/Abstract.php:182
Stack trace:
#0 /home/kidscove/public_html/app/code/core/Mage/Dataflow/Model/Convert/Profile/Collection.php(154): Mage_Dataflow_Model_Convert_Action_Abstract->getContainer()
#1 /home/kidscove/public_html/app/code/core/Mage/Dataflow/Model/Convert/Profile/Collection.php(83): Mage_Dataflow_Model_Convert_Profile_Collection->importProfileXml('default')
#2 /home/kidscove/public_html/app/code/core/Mage/Dataflow/Model/Profile.php(204): Mage_Dataflow_Model_Convert_Profile_Collection->getProfile('default')
#3 /home/kidscove/public_html/app/code/core/Mage/Adminhtml/Block/System/Convert/Profile/Run.php(170): Mage_Dataflow_Model_Profile->run()
#4 /home/kidscove/public_html/app/design/adminhtml/default/default/template/system/convert/profile/process.phtml(53): Mage_Adminhtml_Block_System_Convert_Profile_Run->getExceptions()
#5 /home/kidscove/public_html/app/code/core/Mage/Core/Block/Template.ph in /home/kidscove/public_html/app/code/core/Mage/Dataflow/Model/Convert/Action/Abstract.php on line 182
[28-Feb-2018 07:40:52 UTC] PHP Fatal error:  Uncaught Exception: File '/home/kidscove/public_html/media/css' does not exists. in /home/kidscove/public_html/lib/Varien/File/Transfer/Adapter/Http.php:96
Stack trace:
#0 /home/kidscove/public_html/get.php(205): Varien_File_Transfer_Adapter_Http->send('/home/kidscove/...')
#1 /home/kidscove/public_html/get.php(165): sendFile('/home/kidscove/...')
#2 {main}
  thrown in /home/kidscove/public_html/lib/Varien/File/Transfer/Adapter/Http.php on line 96
[08-Mar-2018 12:48:36 UTC] PHP Fatal error:  Uncaught Exception: File '/home/kidscove/public_html/media/css_secure/' does not exists. in /home/kidscove/public_html/lib/Varien/File/Transfer/Adapter/Http.php:96
Stack trace:
#0 /home/kidscove/public_html/get.php(205): Varien_File_Transfer_Adapter_Http->send('/home/kidscove/...')
#1 /home/kidscove/public_html/get.php(165): sendFile('/home/kidscove/...')
#2 {main}
  thrown in /home/kidscove/public_html/lib/Varien/File/Transfer/Adapter/Http.php on line 96
[17-Mar-2018 08:02:11 UTC] PHP Fatal error:  Uncaught Error: Call to a member function toHtml() on boolean in /home/kidscove/public_html/app/design/frontend/sahara_digital/ma_sahara_digital9/template/review/product/view/list_tab.phtml:71
Stack trace:
#0 /home/kidscove/public_html/app/code/core/Mage/Core/Block/Template.php(241): include()
#1 /home/kidscove/public_html/app/code/core/Mage/Core/Block/Template.php(272): Mage_Core_Block_Template->fetchView('frontend/sahara...')
#2 /home/kidscove/public_html/app/code/core/Mage/Core/Block/Template.php(286): Mage_Core_Block_Template->renderView()
#3 /home/kidscove/public_html/app/code/core/Mage/Review/Block/Product/View.php(47): Mage_Core_Block_Template->_toHtml()
#4 /home/kidscove/public_html/app/code/core/Mage/Core/Block/Abstract.php(923): Mage_Review_Block_Product_View->_toHtml()
#5 /home/kidscove/public_html/app/code/core/Mage/Core/Block/Abstract.php(641): Mage_Core_Block_Abstract->toHtml()
#6 /home/kidscove/public_html/app/code/core/Mage/Core/Block/Abstract.php(585): Mage_Core_Block_Abstract->_getChildHtml( in /home/kidscove/public_html/app/design/frontend/sahara_digital/ma_sahara_digital9/template/review/product/view/list_tab.phtml on line 71
[22-Mar-2018 20:07:25 UTC] PHP Fatal error:  Uncaught Exception: File '/home/kidscove/public_html/media/wysiwyg/' does not exists. in /home/kidscove/public_html/lib/Varien/File/Transfer/Adapter/Http.php:96
Stack trace:
#0 /home/kidscove/public_html/get.php(205): Varien_File_Transfer_Adapter_Http->send('/home/kidscove/...')
#1 /home/kidscove/public_html/get.php(165): sendFile('/home/kidscove/...')
#2 {main}
  thrown in /home/kidscove/public_html/lib/Varien/File/Transfer/Adapter/Http.php on line 96
[28-Mar-2018 23:16:21 UTC] PHP Fatal error:  Uncaught Exception: File '/home/kidscove/public_html/media/wysiwyg/' does not exists. in /home/kidscove/public_html/lib/Varien/File/Transfer/Adapter/Http.php:96
Stack trace:
#0 /home/kidscove/public_html/get.php(205): Varien_File_Transfer_Adapter_Http->send('/home/kidscove/...')
#1 /home/kidscove/public_html/get.php(165): sendFile('/home/kidscove/...')
#2 {main}
  thrown in /home/kidscove/public_html/lib/Varien/File/Transfer/Adapter/Http.php on line 96
[19-May-2018 07:52:40 UTC] PHP Fatal error:  Uncaught Error: Call to a member function toHtml() on boolean in /home/kidscove/public_html/app/design/frontend/sahara_digital/ma_sahara_digital9/template/review/product/view/list_tab.phtml:71
Stack trace:
#0 /home/kidscove/public_html/app/code/core/Mage/Core/Block/Template.php(241): include()
#1 /home/kidscove/public_html/app/code/core/Mage/Core/Block/Template.php(272): Mage_Core_Block_Template->fetchView('frontend/sahara...')
#2 /home/kidscove/public_html/app/code/core/Mage/Core/Block/Template.php(286): Mage_Core_Block_Template->renderView()
#3 /home/kidscove/public_html/app/code/core/Mage/Review/Block/Product/View.php(47): Mage_Core_Block_Template->_toHtml()
#4 /home/kidscove/public_html/app/code/core/Mage/Core/Block/Abstract.php(923): Mage_Review_Block_Product_View->_toHtml()
#5 /home/kidscove/public_html/app/code/core/Mage/Core/Block/Abstract.php(641): Mage_Core_Block_Abstract->toHtml()
#6 /home/kidscove/public_html/app/code/core/Mage/Core/Block/Abstract.php(585): Mage_Core_Block_Abstract->_getChildHtml( in /home/kidscove/public_html/app/design/frontend/sahara_digital/ma_sahara_digital9/template/review/product/view/list_tab.phtml on line 71
[19-May-2018 07:52:44 UTC] PHP Fatal error:  Uncaught Error: Call to a member function toHtml() on boolean in /home/kidscove/public_html/app/design/frontend/sahara_digital/ma_sahara_digital9/template/review/product/view/list_tab.phtml:71
Stack trace:
#0 /home/kidscove/public_html/app/code/core/Mage/Core/Block/Template.php(241): include()
#1 /home/kidscove/public_html/app/code/core/Mage/Core/Block/Template.php(272): Mage_Core_Block_Template->fetchView('frontend/sahara...')
#2 /home/kidscove/public_html/app/code/core/Mage/Core/Block/Template.php(286): Mage_Core_Block_Template->renderView()
#3 /home/kidscove/public_html/app/code/core/Mage/Review/Block/Product/View.php(47): Mage_Core_Block_Template->_toHtml()
#4 /home/kidscove/public_html/app/code/core/Mage/Core/Block/Abstract.php(923): Mage_Review_Block_Product_View->_toHtml()
#5 /home/kidscove/public_html/app/code/core/Mage/Core/Block/Abstract.php(641): Mage_Core_Block_Abstract->toHtml()
#6 /home/kidscove/public_html/app/code/core/Mage/Core/Block/Abstract.php(585): Mage_Core_Block_Abstract->_getChildHtml( in /home/kidscove/public_html/app/design/frontend/sahara_digital/ma_sahara_digital9/template/review/product/view/list_tab.phtml on line 71
[19-May-2018 07:52:49 UTC] PHP Fatal error:  Uncaught Error: Call to a member function toHtml() on boolean in /home/kidscove/public_html/app/design/frontend/sahara_digital/ma_sahara_digital9/template/review/product/view/list_tab.phtml:71
Stack trace:
#0 /home/kidscove/public_html/app/code/core/Mage/Core/Block/Template.php(241): include()
#1 /home/kidscove/public_html/app/code/core/Mage/Core/Block/Template.php(272): Mage_Core_Block_Template->fetchView('frontend/sahara...')
#2 /home/kidscove/public_html/app/code/core/Mage/Core/Block/Template.php(286): Mage_Core_Block_Template->renderView()
#3 /home/kidscove/public_html/app/code/core/Mage/Review/Block/Product/View.php(47): Mage_Core_Block_Template->_toHtml()
#4 /home/kidscove/public_html/app/code/core/Mage/Core/Block/Abstract.php(923): Mage_Review_Block_Product_View->_toHtml()
#5 /home/kidscove/public_html/app/code/core/Mage/Core/Block/Abstract.php(641): Mage_Core_Block_Abstract->toHtml()
#6 /home/kidscove/public_html/app/code/core/Mage/Core/Block/Abstract.php(585): Mage_Core_Block_Abstract->_getChildHtml( in /home/kidscove/public_html/app/design/frontend/sahara_digital/ma_sahara_digital9/template/review/product/view/list_tab.phtml on line 71
[19-May-2018 07:53:12 UTC] PHP Fatal error:  Uncaught Error: Call to a member function toHtml() on boolean in /home/kidscove/public_html/app/design/frontend/sahara_digital/ma_sahara_digital9/template/review/product/view/list_tab.phtml:71
Stack trace:
#0 /home/kidscove/public_html/app/code/core/Mage/Core/Block/Template.php(241): include()
#1 /home/kidscove/public_html/app/code/core/Mage/Core/Block/Template.php(272): Mage_Core_Block_Template->fetchView('frontend/sahara...')
#2 /home/kidscove/public_html/app/code/core/Mage/Core/Block/Template.php(286): Mage_Core_Block_Template->renderView()
#3 /home/kidscove/public_html/app/code/core/Mage/Review/Block/Product/View.php(47): Mage_Core_Block_Template->_toHtml()
#4 /home/kidscove/public_html/app/code/core/Mage/Core/Block/Abstract.php(923): Mage_Review_Block_Product_View->_toHtml()
#5 /home/kidscove/public_html/app/code/core/Mage/Core/Block/Abstract.php(641): Mage_Core_Block_Abstract->toHtml()
#6 /home/kidscove/public_html/app/code/core/Mage/Core/Block/Abstract.php(585): Mage_Core_Block_Abstract->_getChildHtml( in /home/kidscove/public_html/app/design/frontend/sahara_digital/ma_sahara_digital9/template/review/product/view/list_tab.phtml on line 71
[19-May-2018 07:53:23 UTC] PHP Fatal error:  Uncaught Error: Call to a member function toHtml() on boolean in /home/kidscove/public_html/app/design/frontend/sahara_digital/ma_sahara_digital9/template/review/product/view/list_tab.phtml:71
Stack trace:
#0 /home/kidscove/public_html/app/code/core/Mage/Core/Block/Template.php(241): include()
#1 /home/kidscove/public_html/app/code/core/Mage/Core/Block/Template.php(272): Mage_Core_Block_Template->fetchView('frontend/sahara...')
#2 /home/kidscove/public_html/app/code/core/Mage/Core/Block/Template.php(286): Mage_Core_Block_Template->renderView()
#3 /home/kidscove/public_html/app/code/core/Mage/Review/Block/Product/View.php(47): Mage_Core_Block_Template->_toHtml()
#4 /home/kidscove/public_html/app/code/core/Mage/Core/Block/Abstract.php(923): Mage_Review_Block_Product_View->_toHtml()
#5 /home/kidscove/public_html/app/code/core/Mage/Core/Block/Abstract.php(641): Mage_Core_Block_Abstract->toHtml()
#6 /home/kidscove/public_html/app/code/core/Mage/Core/Block/Abstract.php(585): Mage_Core_Block_Abstract->_getChildHtml( in /home/kidscove/public_html/app/design/frontend/sahara_digital/ma_sahara_digital9/template/review/product/view/list_tab.phtml on line 71
[19-May-2018 08:14:57 UTC] PHP Fatal error:  Uncaught Error: Call to a member function toHtml() on boolean in /home/kidscove/public_html/app/design/frontend/sahara_digital/ma_sahara_digital9/template/review/product/view/list_tab.phtml:71
Stack trace:
#0 /home/kidscove/public_html/app/code/core/Mage/Core/Block/Template.php(241): include()
#1 /home/kidscove/public_html/app/code/core/Mage/Core/Block/Template.php(272): Mage_Core_Block_Template->fetchView('frontend/sahara...')
#2 /home/kidscove/public_html/app/code/core/Mage/Core/Block/Template.php(286): Mage_Core_Block_Template->renderView()
#3 /home/kidscove/public_html/app/code/core/Mage/Review/Block/Product/View.php(47): Mage_Core_Block_Template->_toHtml()
#4 /home/kidscove/public_html/app/code/core/Mage/Core/Block/Abstract.php(923): Mage_Review_Block_Product_View->_toHtml()
#5 /home/kidscove/public_html/app/code/core/Mage/Core/Block/Abstract.php(641): Mage_Core_Block_Abstract->toHtml()
#6 /home/kidscove/public_html/app/code/core/Mage/Core/Block/Abstract.php(585): Mage_Core_Block_Abstract->_getChildHtml( in /home/kidscove/public_html/app/design/frontend/sahara_digital/ma_sahara_digital9/template/review/product/view/list_tab.phtml on line 71
[19-May-2018 08:15:02 UTC] PHP Fatal error:  Uncaught Error: Call to a member function toHtml() on boolean in /home/kidscove/public_html/app/design/frontend/sahara_digital/ma_sahara_digital9/template/review/product/view/list_tab.phtml:71
Stack trace:
#0 /home/kidscove/public_html/app/code/core/Mage/Core/Block/Template.php(241): include()
#1 /home/kidscove/public_html/app/code/core/Mage/Core/Block/Template.php(272): Mage_Core_Block_Template->fetchView('frontend/sahara...')
#2 /home/kidscove/public_html/app/code/core/Mage/Core/Block/Template.php(286): Mage_Core_Block_Template->renderView()
#3 /home/kidscove/public_html/app/code/core/Mage/Review/Block/Product/View.php(47): Mage_Core_Block_Template->_toHtml()
#4 /home/kidscove/public_html/app/code/core/Mage/Core/Block/Abstract.php(923): Mage_Review_Block_Product_View->_toHtml()
#5 /home/kidscove/public_html/app/code/core/Mage/Core/Block/Abstract.php(641): Mage_Core_Block_Abstract->toHtml()
#6 /home/kidscove/public_html/app/code/core/Mage/Core/Block/Abstract.php(585): Mage_Core_Block_Abstract->_getChildHtml( in /home/kidscove/public_html/app/design/frontend/sahara_digital/ma_sahara_digital9/template/review/product/view/list_tab.phtml on line 71
[19-May-2018 08:15:17 UTC] PHP Fatal error:  Uncaught Error: Call to a member function toHtml() on boolean in /home/kidscove/public_html/app/design/frontend/sahara_digital/ma_sahara_digital9/template/review/product/view/list_tab.phtml:71
Stack trace:
#0 /home/kidscove/public_html/app/code/core/Mage/Core/Block/Template.php(241): include()
#1 /home/kidscove/public_html/app/code/core/Mage/Core/Block/Template.php(272): Mage_Core_Block_Template->fetchView('frontend/sahara...')
#2 /home/kidscove/public_html/app/code/core/Mage/Core/Block/Template.php(286): Mage_Core_Block_Template->renderView()
#3 /home/kidscove/public_html/app/code/core/Mage/Review/Block/Product/View.php(47): Mage_Core_Block_Template->_toHtml()
#4 /home/kidscove/public_html/app/code/core/Mage/Core/Block/Abstract.php(923): Mage_Review_Block_Product_View->_toHtml()
#5 /home/kidscove/public_html/app/code/core/Mage/Core/Block/Abstract.php(641): Mage_Core_Block_Abstract->toHtml()
#6 /home/kidscove/public_html/app/code/core/Mage/Core/Block/Abstract.php(585): Mage_Core_Block_Abstract->_getChildHtml( in /home/kidscove/public_html/app/design/frontend/sahara_digital/ma_sahara_digital9/template/review/product/view/list_tab.phtml on line 71
[19-May-2018 08:31:23 UTC] PHP Fatal error:  Uncaught Error: Call to a member function toHtml() on boolean in /home/kidscove/public_html/app/design/frontend/sahara_digital/ma_sahara_digital9/template/review/product/view/list_tab.phtml:71
Stack trace:
#0 /home/kidscove/public_html/app/code/core/Mage/Core/Block/Template.php(241): include()
#1 /home/kidscove/public_html/app/code/core/Mage/Core/Block/Template.php(272): Mage_Core_Block_Template->fetchView('frontend/sahara...')
#2 /home/kidscove/public_html/app/code/core/Mage/Core/Block/Template.php(286): Mage_Core_Block_Template->renderView()
#3 /home/kidscove/public_html/app/code/core/Mage/Review/Block/Product/View.php(47): Mage_Core_Block_Template->_toHtml()
#4 /home/kidscove/public_html/app/code/core/Mage/Core/Block/Abstract.php(923): Mage_Review_Block_Product_View->_toHtml()
#5 /home/kidscove/public_html/app/code/core/Mage/Core/Block/Abstract.php(641): Mage_Core_Block_Abstract->toHtml()
#6 /home/kidscove/public_html/app/code/core/Mage/Core/Block/Abstract.php(585): Mage_Core_Block_Abstract->_getChildHtml( in /home/kidscove/public_html/app/design/frontend/sahara_digital/ma_sahara_digital9/template/review/product/view/list_tab.phtml on line 71
[19-May-2018 08:31:34 UTC] PHP Fatal error:  Uncaught Error: Call to a member function toHtml() on boolean in /home/kidscove/public_html/app/design/frontend/sahara_digital/ma_sahara_digital9/template/review/product/view/list_tab.phtml:71
Stack trace:
#0 /home/kidscove/public_html/app/code/core/Mage/Core/Block/Template.php(241): include()
#1 /home/kidscove/public_html/app/code/core/Mage/Core/Block/Template.php(272): Mage_Core_Block_Template->fetchView('frontend/sahara...')
#2 /home/kidscove/public_html/app/code/core/Mage/Core/Block/Template.php(286): Mage_Core_Block_Template->renderView()
#3 /home/kidscove/public_html/app/code/core/Mage/Review/Block/Product/View.php(47): Mage_Core_Block_Template->_toHtml()
#4 /home/kidscove/public_html/app/code/core/Mage/Core/Block/Abstract.php(923): Mage_Review_Block_Product_View->_toHtml()
#5 /home/kidscove/public_html/app/code/core/Mage/Core/Block/Abstract.php(641): Mage_Core_Block_Abstract->toHtml()
#6 /home/kidscove/public_html/app/code/core/Mage/Core/Block/Abstract.php(585): Mage_Core_Block_Abstract->_getChildHtml( in /home/kidscove/public_html/app/design/frontend/sahara_digital/ma_sahara_digital9/template/review/product/view/list_tab.phtml on line 71
[19-May-2018 08:46:39 UTC] PHP Fatal error:  Uncaught Error: Call to a member function toHtml() on boolean in /home/kidscove/public_html/app/design/frontend/sahara_digital/ma_sahara_digital9/template/review/product/view/list_tab.phtml:71
Stack trace:
#0 /home/kidscove/public_html/app/code/core/Mage/Core/Block/Template.php(241): include()
#1 /home/kidscove/public_html/app/code/core/Mage/Core/Block/Template.php(272): Mage_Core_Block_Template->fetchView('frontend/sahara...')
#2 /home/kidscove/public_html/app/code/core/Mage/Core/Block/Template.php(286): Mage_Core_Block_Template->renderView()
#3 /home/kidscove/public_html/app/code/core/Mage/Review/Block/Product/View.php(47): Mage_Core_Block_Template->_toHtml()
#4 /home/kidscove/public_html/app/code/core/Mage/Core/Block/Abstract.php(923): Mage_Review_Block_Product_View->_toHtml()
#5 /home/kidscove/public_html/app/code/core/Mage/Core/Block/Abstract.php(641): Mage_Core_Block_Abstract->toHtml()
#6 /home/kidscove/public_html/app/code/core/Mage/Core/Block/Abstract.php(585): Mage_Core_Block_Abstract->_getChildHtml( in /home/kidscove/public_html/app/design/frontend/sahara_digital/ma_sahara_digital9/template/review/product/view/list_tab.phtml on line 71
[19-May-2018 08:46:45 UTC] PHP Fatal error:  Uncaught Error: Call to a member function toHtml() on boolean in /home/kidscove/public_html/app/design/frontend/sahara_digital/ma_sahara_digital9/template/review/product/view/list_tab.phtml:71
Stack trace:
#0 /home/kidscove/public_html/app/code/core/Mage/Core/Block/Template.php(241): include()
#1 /home/kidscove/public_html/app/code/core/Mage/Core/Block/Template.php(272): Mage_Core_Block_Template->fetchView('frontend/sahara...')
#2 /home/kidscove/public_html/app/code/core/Mage/Core/Block/Template.php(286): Mage_Core_Block_Template->renderView()
#3 /home/kidscove/public_html/app/code/core/Mage/Review/Block/Product/View.php(47): Mage_Core_Block_Template->_toHtml()
#4 /home/kidscove/public_html/app/code/core/Mage/Core/Block/Abstract.php(923): Mage_Review_Block_Product_View->_toHtml()
#5 /home/kidscove/public_html/app/code/core/Mage/Core/Block/Abstract.php(641): Mage_Core_Block_Abstract->toHtml()
#6 /home/kidscove/public_html/app/code/core/Mage/Core/Block/Abstract.php(585): Mage_Core_Block_Abstract->_getChildHtml( in /home/kidscove/public_html/app/design/frontend/sahara_digital/ma_sahara_digital9/template/review/product/view/list_tab.phtml on line 71
[19-May-2018 08:46:53 UTC] PHP Fatal error:  Uncaught Error: Call to a member function toHtml() on boolean in /home/kidscove/public_html/app/design/frontend/sahara_digital/ma_sahara_digital9/template/review/product/view/list_tab.phtml:71
Stack trace:
#0 /home/kidscove/public_html/app/code/core/Mage/Core/Block/Template.php(241): include()
#1 /home/kidscove/public_html/app/code/core/Mage/Core/Block/Template.php(272): Mage_Core_Block_Template->fetchView('frontend/sahara...')
#2 /home/kidscove/public_html/app/code/core/Mage/Core/Block/Template.php(286): Mage_Core_Block_Template->renderView()
#3 /home/kidscove/public_html/app/code/core/Mage/Review/Block/Product/View.php(47): Mage_Core_Block_Template->_toHtml()
#4 /home/kidscove/public_html/app/code/core/Mage/Core/Block/Abstract.php(923): Mage_Review_Block_Product_View->_toHtml()
#5 /home/kidscove/public_html/app/code/core/Mage/Core/Block/Abstract.php(641): Mage_Core_Block_Abstract->toHtml()
#6 /home/kidscove/public_html/app/code/core/Mage/Core/Block/Abstract.php(585): Mage_Core_Block_Abstract->_getChildHtml( in /home/kidscove/public_html/app/design/frontend/sahara_digital/ma_sahara_digital9/template/review/product/view/list_tab.phtml on line 71
[19-May-2018 08:46:59 UTC] PHP Fatal error:  Uncaught Error: Call to a member function toHtml() on boolean in /home/kidscove/public_html/app/design/frontend/sahara_digital/ma_sahara_digital9/template/review/product/view/list_tab.phtml:71
Stack trace:
#0 /home/kidscove/public_html/app/code/core/Mage/Core/Block/Template.php(241): include()
#1 /home/kidscove/public_html/app/code/core/Mage/Core/Block/Template.php(272): Mage_Core_Block_Template->fetchView('frontend/sahara...')
#2 /home/kidscove/public_html/app/code/core/Mage/Core/Block/Template.php(286): Mage_Core_Block_Template->renderView()
#3 /home/kidscove/public_html/app/code/core/Mage/Review/Block/Product/View.php(47): Mage_Core_Block_Template->_toHtml()
#4 /home/kidscove/public_html/app/code/core/Mage/Core/Block/Abstract.php(923): Mage_Review_Block_Product_View->_toHtml()
#5 /home/kidscove/public_html/app/code/core/Mage/Core/Block/Abstract.php(641): Mage_Core_Block_Abstract->toHtml()
#6 /home/kidscove/public_html/app/code/core/Mage/Core/Block/Abstract.php(585): Mage_Core_Block_Abstract->_getChildHtml( in /home/kidscove/public_html/app/design/frontend/sahara_digital/ma_sahara_digital9/template/review/product/view/list_tab.phtml on line 71
[19-May-2018 08:47:03 UTC] PHP Fatal error:  Uncaught Error: Call to a member function toHtml() on boolean in /home/kidscove/public_html/app/design/frontend/sahara_digital/ma_sahara_digital9/template/review/product/view/list_tab.phtml:71
Stack trace:
#0 /home/kidscove/public_html/app/code/core/Mage/Core/Block/Template.php(241): include()
#1 /home/kidscove/public_html/app/code/core/Mage/Core/Block/Template.php(272): Mage_Core_Block_Template->fetchView('frontend/sahara...')
#2 /home/kidscove/public_html/app/code/core/Mage/Core/Block/Template.php(286): Mage_Core_Block_Template->renderView()
#3 /home/kidscove/public_html/app/code/core/Mage/Review/Block/Product/View.php(47): Mage_Core_Block_Template->_toHtml()
#4 /home/kidscove/public_html/app/code/core/Mage/Core/Block/Abstract.php(923): Mage_Review_Block_Product_View->_toHtml()
#5 /home/kidscove/public_html/app/code/core/Mage/Core/Block/Abstract.php(641): Mage_Core_Block_Abstract->toHtml()
#6 /home/kidscove/public_html/app/code/core/Mage/Core/Block/Abstract.php(585): Mage_Core_Block_Abstract->_getChildHtml( in /home/kidscove/public_html/app/design/frontend/sahara_digital/ma_sahara_digital9/template/review/product/view/list_tab.phtml on line 71
[19-May-2018 08:47:08 UTC] PHP Fatal error:  Uncaught Error: Call to a member function toHtml() on boolean in /home/kidscove/public_html/app/design/frontend/sahara_digital/ma_sahara_digital9/template/review/product/view/list_tab.phtml:71
Stack trace:
#0 /home/kidscove/public_html/app/code/core/Mage/Core/Block/Template.php(241): include()
#1 /home/kidscove/public_html/app/code/core/Mage/Core/Block/Template.php(272): Mage_Core_Block_Template->fetchView('frontend/sahara...')
#2 /home/kidscove/public_html/app/code/core/Mage/Core/Block/Template.php(286): Mage_Core_Block_Template->renderView()
#3 /home/kidscove/public_html/app/code/core/Mage/Review/Block/Product/View.php(47): Mage_Core_Block_Template->_toHtml()
#4 /home/kidscove/public_html/app/code/core/Mage/Core/Block/Abstract.php(923): Mage_Review_Block_Product_View->_toHtml()
#5 /home/kidscove/public_html/app/code/core/Mage/Core/Block/Abstract.php(641): Mage_Core_Block_Abstract->toHtml()
#6 /home/kidscove/public_html/app/code/core/Mage/Core/Block/Abstract.php(585): Mage_Core_Block_Abstract->_getChildHtml( in /home/kidscove/public_html/app/design/frontend/sahara_digital/ma_sahara_digital9/template/review/product/view/list_tab.phtml on line 71
[19-May-2018 08:47:14 UTC] PHP Fatal error:  Uncaught Error: Call to a member function toHtml() on boolean in /home/kidscove/public_html/app/design/frontend/sahara_digital/ma_sahara_digital9/template/review/product/view/list_tab.phtml:71
Stack trace:
#0 /home/kidscove/public_html/app/code/core/Mage/Core/Block/Template.php(241): include()
#1 /home/kidscove/public_html/app/code/core/Mage/Core/Block/Template.php(272): Mage_Core_Block_Template->fetchView('frontend/sahara...')
#2 /home/kidscove/public_html/app/code/core/Mage/Core/Block/Template.php(286): Mage_Core_Block_Template->renderView()
#3 /home/kidscove/public_html/app/code/core/Mage/Review/Block/Product/View.php(47): Mage_Core_Block_Template->_toHtml()
#4 /home/kidscove/public_html/app/code/core/Mage/Core/Block/Abstract.php(923): Mage_Review_Block_Product_View->_toHtml()
#5 /home/kidscove/public_html/app/code/core/Mage/Core/Block/Abstract.php(641): Mage_Core_Block_Abstract->toHtml()
#6 /home/kidscove/public_html/app/code/core/Mage/Core/Block/Abstract.php(585): Mage_Core_Block_Abstract->_getChildHtml( in /home/kidscove/public_html/app/design/frontend/sahara_digital/ma_sahara_digital9/template/review/product/view/list_tab.phtml on line 71
[19-May-2018 08:47:20 UTC] PHP Fatal error:  Uncaught Error: Call to a member function toHtml() on boolean in /home/kidscove/public_html/app/design/frontend/sahara_digital/ma_sahara_digital9/template/review/product/view/list_tab.phtml:71
Stack trace:
#0 /home/kidscove/public_html/app/code/core/Mage/Core/Block/Template.php(241): include()
#1 /home/kidscove/public_html/app/code/core/Mage/Core/Block/Template.php(272): Mage_Core_Block_Template->fetchView('frontend/sahara...')
#2 /home/kidscove/public_html/app/code/core/Mage/Core/Block/Template.php(286): Mage_Core_Block_Template->renderView()
#3 /home/kidscove/public_html/app/code/core/Mage/Review/Block/Product/View.php(47): Mage_Core_Block_Template->_toHtml()
#4 /home/kidscove/public_html/app/code/core/Mage/Core/Block/Abstract.php(923): Mage_Review_Block_Product_View->_toHtml()
#5 /home/kidscove/public_html/app/code/core/Mage/Core/Block/Abstract.php(641): Mage_Core_Block_Abstract->toHtml()
#6 /home/kidscove/public_html/app/code/core/Mage/Core/Block/Abstract.php(585): Mage_Core_Block_Abstract->_getChildHtml( in /home/kidscove/public_html/app/design/frontend/sahara_digital/ma_sahara_digital9/template/review/product/view/list_tab.phtml on line 71
[19-May-2018 08:47:27 UTC] PHP Fatal error:  Uncaught Error: Call to a member function toHtml() on boolean in /home/kidscove/public_html/app/design/frontend/sahara_digital/ma_sahara_digital9/template/review/product/view/list_tab.phtml:71
Stack trace:
#0 /home/kidscove/public_html/app/code/core/Mage/Core/Block/Template.php(241): include()
#1 /home/kidscove/public_html/app/code/core/Mage/Core/Block/Template.php(272): Mage_Core_Block_Template->fetchView('frontend/sahara...')
#2 /home/kidscove/public_html/app/code/core/Mage/Core/Block/Template.php(286): Mage_Core_Block_Template->renderView()
#3 /home/kidscove/public_html/app/code/core/Mage/Review/Block/Product/View.php(47): Mage_Core_Block_Template->_toHtml()
#4 /home/kidscove/public_html/app/code/core/Mage/Core/Block/Abstract.php(923): Mage_Review_Block_Product_View->_toHtml()
#5 /home/kidscove/public_html/app/code/core/Mage/Core/Block/Abstract.php(641): Mage_Core_Block_Abstract->toHtml()
#6 /home/kidscove/public_html/app/code/core/Mage/Core/Block/Abstract.php(585): Mage_Core_Block_Abstract->_getChildHtml( in /home/kidscove/public_html/app/design/frontend/sahara_digital/ma_sahara_digital9/template/review/product/view/list_tab.phtml on line 71
[19-May-2018 08:47:34 UTC] PHP Fatal error:  Uncaught Error: Call to a member function toHtml() on boolean in /home/kidscove/public_html/app/design/frontend/sahara_digital/ma_sahara_digital9/template/review/product/view/list_tab.phtml:71
Stack trace:
#0 /home/kidscove/public_html/app/code/core/Mage/Core/Block/Template.php(241): include()
#1 /home/kidscove/public_html/app/code/core/Mage/Core/Block/Template.php(272): Mage_Core_Block_Template->fetchView('frontend/sahara...')
#2 /home/kidscove/public_html/app/code/core/Mage/Core/Block/Template.php(286): Mage_Core_Block_Template->renderView()
#3 /home/kidscove/public_html/app/code/core/Mage/Review/Block/Product/View.php(47): Mage_Core_Block_Template->_toHtml()
#4 /home/kidscove/public_html/app/code/core/Mage/Core/Block/Abstract.php(923): Mage_Review_Block_Product_View->_toHtml()
#5 /home/kidscove/public_html/app/code/core/Mage/Core/Block/Abstract.php(641): Mage_Core_Block_Abstract->toHtml()
#6 /home/kidscove/public_html/app/code/core/Mage/Core/Block/Abstract.php(585): Mage_Core_Block_Abstract->_getChildHtml( in /home/kidscove/public_html/app/design/frontend/sahara_digital/ma_sahara_digital9/template/review/product/view/list_tab.phtml on line 71
[19-May-2018 08:47:40 UTC] PHP Fatal error:  Uncaught Error: Call to a member function toHtml() on boolean in /home/kidscove/public_html/app/design/frontend/sahara_digital/ma_sahara_digital9/template/review/product/view/list_tab.phtml:71
Stack trace:
#0 /home/kidscove/public_html/app/code/core/Mage/Core/Block/Template.php(241): include()
#1 /home/kidscove/public_html/app/code/core/Mage/Core/Block/Template.php(272): Mage_Core_Block_Template->fetchView('frontend/sahara...')
#2 /home/kidscove/public_html/app/code/core/Mage/Core/Block/Template.php(286): Mage_Core_Block_Template->renderView()
#3 /home/kidscove/public_html/app/code/core/Mage/Review/Block/Product/View.php(47): Mage_Core_Block_Template->_toHtml()
#4 /home/kidscove/public_html/app/code/core/Mage/Core/Block/Abstract.php(923): Mage_Review_Block_Product_View->_toHtml()
#5 /home/kidscove/public_html/app/code/core/Mage/Core/Block/Abstract.php(641): Mage_Core_Block_Abstract->toHtml()
#6 /home/kidscove/public_html/app/code/core/Mage/Core/Block/Abstract.php(585): Mage_Core_Block_Abstract->_getChildHtml( in /home/kidscove/public_html/app/design/frontend/sahara_digital/ma_sahara_digital9/template/review/product/view/list_tab.phtml on line 71
[19-May-2018 08:51:06 UTC] PHP Fatal error:  Uncaught Error: Call to a member function toHtml() on boolean in /home/kidscove/public_html/app/design/frontend/sahara_digital/ma_sahara_digital9/template/review/product/view/list_tab.phtml:71
Stack trace:
#0 /home/kidscove/public_html/app/code/core/Mage/Core/Block/Template.php(241): include()
#1 /home/kidscove/public_html/app/code/core/Mage/Core/Block/Template.php(272): Mage_Core_Block_Template->fetchView('frontend/sahara...')
#2 /home/kidscove/public_html/app/code/core/Mage/Core/Block/Template.php(286): Mage_Core_Block_Template->renderView()
#3 /home/kidscove/public_html/app/code/core/Mage/Review/Block/Product/View.php(47): Mage_Core_Block_Template->_toHtml()
#4 /home/kidscove/public_html/app/code/core/Mage/Core/Block/Abstract.php(923): Mage_Review_Block_Product_View->_toHtml()
#5 /home/kidscove/public_html/app/code/core/Mage/Core/Block/Abstract.php(641): Mage_Core_Block_Abstract->toHtml()
#6 /home/kidscove/public_html/app/code/core/Mage/Core/Block/Abstract.php(585): Mage_Core_Block_Abstract->_getChildHtml( in /home/kidscove/public_html/app/design/frontend/sahara_digital/ma_sahara_digital9/template/review/product/view/list_tab.phtml on line 71
[21-May-2018 01:30:45 UTC] PHP Fatal error:  Uncaught Error: Call to a member function toHtml() on boolean in /home/kidscove/public_html/app/design/frontend/sahara_digital/ma_sahara_digital9/template/review/product/view/list_tab.phtml:71
Stack trace:
#0 /home/kidscove/public_html/app/code/core/Mage/Core/Block/Template.php(241): include()
#1 /home/kidscove/public_html/app/code/core/Mage/Core/Block/Template.php(272): Mage_Core_Block_Template->fetchView('frontend/sahara...')
#2 /home/kidscove/public_html/app/code/core/Mage/Core/Block/Template.php(286): Mage_Core_Block_Template->renderView()
#3 /home/kidscove/public_html/app/code/core/Mage/Review/Block/Product/View.php(47): Mage_Core_Block_Template->_toHtml()
#4 /home/kidscove/public_html/app/code/core/Mage/Core/Block/Abstract.php(923): Mage_Review_Block_Product_View->_toHtml()
#5 /home/kidscove/public_html/app/code/core/Mage/Core/Block/Abstract.php(641): Mage_Core_Block_Abstract->toHtml()
#6 /home/kidscove/public_html/app/code/core/Mage/Core/Block/Abstract.php(585): Mage_Core_Block_Abstract->_getChildHtml( in /home/kidscove/public_html/app/design/frontend/sahara_digital/ma_sahara_digital9/template/review/product/view/list_tab.phtml on line 71
[30-May-2018 04:04:44 UTC] PHP Fatal error:  Uncaught Exception: File '/home/kidscove/public_html/media/css' does not exists. in /home/kidscove/public_html/lib/Varien/File/Transfer/Adapter/Http.php:96
Stack trace:
#0 /home/kidscove/public_html/get.php(205): Varien_File_Transfer_Adapter_Http->send('/home/kidscove/...')
#1 /home/kidscove/public_html/get.php(165): sendFile('/home/kidscove/...')
#2 {main}
  thrown in /home/kidscove/public_html/lib/Varien/File/Transfer/Adapter/Http.php on line 96
[31-Jul-2018 07:00:02 UTC] PHP Fatal error:  Uncaught PDOException: SQLSTATE[HY000] [2002] No such file or directory in /home/kidscove/public_html/lib/Zend/Db/Adapter/Pdo/Abstract.php:128
Stack trace:
#0 /home/kidscove/public_html/lib/Zend/Db/Adapter/Pdo/Abstract.php(128): PDO->__construct('mysql:host=loca...', 'kidscove_nknl', 'Lrbi.5#&epB@', Array)
#1 /home/kidscove/public_html/lib/Zend/Db/Adapter/Pdo/Mysql.php(111): Zend_Db_Adapter_Pdo_Abstract->_connect()
#2 /home/kidscove/public_html/lib/Varien/Db/Adapter/Pdo/Mysql.php(396): Zend_Db_Adapter_Pdo_Mysql->_connect()
#3 /home/kidscove/public_html/lib/Zend/Db/Adapter/Abstract.php(460): Varien_Db_Adapter_Pdo_Mysql->_connect()
#4 /home/kidscove/public_html/lib/Zend/Db/Adapter/Pdo/Abstract.php(238): Zend_Db_Adapter_Abstract->query('SET NAMES utf8', Array)
#5 /home/kidscove/public_html/lib/Varien/Db/Adapter/Pdo/Mysql.php(504): Zend_Db_Adapter_Pdo_Abstract->query('SET NAMES utf8', Array)
#6 /home/kidscove/public_html/app/code/core/Mage/Core/Model/Resource.php(179): Varien_Db_Adapter_Pdo_Mysql->query('SET NAME in /home/kidscove/public_html/lib/Zend/Db/Adapter/Pdo/Abstract.php on line 144
[26-Sep-2018 08:55:03 UTC] PHP Fatal error:  Uncaught Error: Call to a member function toHtml() on boolean in /home/kidscove/public_html/app/design/frontend/sahara_digital/ma_sahara_digital9/template/review/product/view/list_tab.phtml:71
Stack trace:
#0 /home/kidscove/public_html/app/code/core/Mage/Core/Block/Template.php(241): include()
#1 /home/kidscove/public_html/app/code/core/Mage/Core/Block/Template.php(272): Mage_Core_Block_Template->fetchView('frontend/sahara...')
#2 /home/kidscove/public_html/app/code/core/Mage/Core/Block/Template.php(286): Mage_Core_Block_Template->renderView()
#3 /home/kidscove/public_html/app/code/core/Mage/Review/Block/Product/View.php(47): Mage_Core_Block_Template->_toHtml()
#4 /home/kidscove/public_html/app/code/core/Mage/Core/Block/Abstract.php(923): Mage_Review_Block_Product_View->_toHtml()
#5 /home/kidscove/public_html/app/code/core/Mage/Core/Block/Abstract.php(641): Mage_Core_Block_Abstract->toHtml()
#6 /home/kidscove/public_html/app/code/core/Mage/Core/Block/Abstract.php(585): Mage_Core_Block_Abstract->_getChildHtml( in /home/kidscove/public_html/app/design/frontend/sahara_digital/ma_sahara_digital9/template/review/product/view/list_tab.phtml on line 71
[24-Oct-2018 15:55:39 UTC] PHP Fatal error:  Uncaught Error: Call to a member function toHtml() on boolean in /home/kidscove/public_html/app/design/frontend/sahara_digital/ma_sahara_digital9/template/review/product/view/list_tab.phtml:71
Stack trace:
#0 /home/kidscove/public_html/app/code/core/Mage/Core/Block/Template.php(241): include()
#1 /home/kidscove/public_html/app/code/core/Mage/Core/Block/Template.php(272): Mage_Core_Block_Template->fetchView('frontend/sahara...')
#2 /home/kidscove/public_html/app/code/core/Mage/Core/Block/Template.php(286): Mage_Core_Block_Template->renderView()
#3 /home/kidscove/public_html/app/code/core/Mage/Review/Block/Product/View.php(47): Mage_Core_Block_Template->_toHtml()
#4 /home/kidscove/public_html/app/code/core/Mage/Core/Block/Abstract.php(923): Mage_Review_Block_Product_View->_toHtml()
#5 /home/kidscove/public_html/app/code/core/Mage/Core/Block/Abstract.php(641): Mage_Core_Block_Abstract->toHtml()
#6 /home/kidscove/public_html/app/code/core/Mage/Core/Block/Abstract.php(585): Mage_Core_Block_Abstract->_getChildHtml( in /home/kidscove/public_html/app/design/frontend/sahara_digital/ma_sahara_digital9/template/review/product/view/list_tab.phtml on line 71
[16-Nov-2018 12:42:38 UTC] PHP Warning:  SoapServer::SoapServer(https://www.kidscover.nl/index.php/api/soap/index/?SID=n887r2o6pafia33j9v3ps0vc06&amp;wsdl=1): failed to open stream: HTTP request failed!  in /home/kidscove/public_html/lib/Zend/Soap/Server.php on line 814
[16-Nov-2018 12:42:38 UTC] PHP Warning:  SoapServer::SoapServer(): I/O warning : failed to load external entity &quot;https://www.kidscover.nl/index.php/api/soap/index/?SID=n887r2o6pafia33j9v3ps0vc06&amp;wsdl=1&quot; in /home/kidscove/public_html/lib/Zend/Soap/Server.php on line 814
[16-Nov-2018 12:42:38 UTC] PHP Fatal error:  SOAP-ERROR: Parsing WSDL: Couldn't load from 'https://www.kidscover.nl/index.php/api/soap/index/?SID=n887r2o6pafia33j9v3ps0vc06&wsdl=1' : failed to load external entity "https://www.kidscover.nl/index.php/api/soap/index/?SID=n887r2o6pafia33j9v3ps0vc06&wsdl=1"
 in /home/kidscove/public_html/lib/Zend/Soap/Server.php on line 814
[01-Dec-2018 06:29:33 UTC] PHP Warning:  vsprintf(): Too few arguments in /home/kidscove/public_html/te.php on line 162
[01-Dec-2018 06:29:34 UTC] PHP Warning:  vsprintf(): Too few arguments in /home/kidscove/public_html/te.php on line 162
[01-Dec-2018 06:29:34 UTC] PHP Warning:  vsprintf(): Too few arguments in /home/kidscove/public_html/te.php on line 162
[01-Dec-2018 06:29:34 UTC] PHP Warning:  vsprintf(): Too few arguments in /home/kidscove/public_html/te.php on line 162
[01-Dec-2018 06:29:34 UTC] PHP Warning:  vsprintf(): Too few arguments in /home/kidscove/public_html/te.php on line 162
[01-Dec-2018 06:29:34 UTC] PHP Warning:  vsprintf(): Too few arguments in /home/kidscove/public_html/te.php on line 162
[01-Dec-2018 06:30:47 UTC] PHP Warning:  vsprintf(): Too few arguments in /home/kidscove/public_html/te.php on line 162
[01-Dec-2018 06:30:47 UTC] PHP Warning:  vsprintf(): Too few arguments in /home/kidscove/public_html/te.php on line 162
[01-Dec-2018 06:30:47 UTC] PHP Warning:  vsprintf(): Too few arguments in /home/kidscove/public_html/te.php on line 162
[01-Dec-2018 06:30:47 UTC] PHP Warning:  vsprintf(): Too few arguments in /home/kidscove/public_html/te.php on line 162
[01-Dec-2018 06:30:47 UTC] PHP Warning:  vsprintf(): Too few arguments in /home/kidscove/public_html/te.php on line 162
[01-Dec-2018 06:30:47 UTC] PHP Warning:  vsprintf(): Too few arguments in /home/kidscove/public_html/te.php on line 162
[01-Dec-2018 06:38:06 UTC] PHP Warning:  vsprintf(): Too few arguments in /home/kidscove/public_html/te.php on line 162
[01-Dec-2018 06:38:06 UTC] PHP Warning:  vsprintf(): Too few arguments in /home/kidscove/public_html/te.php on line 162
[01-Dec-2018 06:38:06 UTC] PHP Warning:  vsprintf(): Too few arguments in /home/kidscove/public_html/te.php on line 162
[01-Dec-2018 06:38:06 UTC] PHP Warning:  vsprintf(): Too few arguments in /home/kidscove/public_html/te.php on line 162
[01-Dec-2018 06:38:06 UTC] PHP Warning:  vsprintf(): Too few arguments in /home/kidscove/public_html/te.php on line 162
[01-Dec-2018 06:38:06 UTC] PHP Warning:  vsprintf(): Too few arguments in /home/kidscove/public_html/te.php on line 162
[01-Dec-2018 06:38:36 UTC] PHP Warning:  vsprintf(): Too few arguments in /home/kidscove/public_html/te.php on line 162
[01-Dec-2018 06:38:36 UTC] PHP Warning:  vsprintf(): Too few arguments in /home/kidscove/public_html/te.php on line 162
[01-Dec-2018 06:38:36 UTC] PHP Warning:  vsprintf(): Too few arguments in /home/kidscove/public_html/te.php on line 162
[01-Dec-2018 06:38:36 UTC] PHP Warning:  vsprintf(): Too few arguments in /home/kidscove/public_html/te.php on line 162
[01-Dec-2018 06:38:36 UTC] PHP Warning:  vsprintf(): Too few arguments in /home/kidscove/public_html/te.php on line 162
[01-Dec-2018 06:38:36 UTC] PHP Warning:  vsprintf(): Too few arguments in /home/kidscove/public_html/te.php on line 162
[01-Dec-2018 06:38:36 UTC] PHP Warning:  vsprintf(): Too few arguments in /home/kidscove/public_html/te.php on line 162
[01-Dec-2018 06:38:36 UTC] PHP Warning:  vsprintf(): Too few arguments in /home/kidscove/public_html/te.php on line 162
[14-Dec-2018 13:20:53 UTC] PHP Fatal error:  Uncaught Error: Call to a member function toHtml() on boolean in /home/kidscove/public_html/app/design/frontend/sahara_digital/ma_sahara_digital9/template/review/product/view/list_tab.phtml:71
Stack trace:
#0 /home/kidscove/public_html/app/code/core/Mage/Core/Block/Template.php(241): include()
#1 /home/kidscove/public_html/app/code/core/Mage/Core/Block/Template.php(272): Mage_Core_Block_Template->fetchView('frontend/sahara...')
#2 /home/kidscove/public_html/app/code/core/Mage/Core/Block/Template.php(286): Mage_Core_Block_Template->renderView()
#3 /home/kidscove/public_html/app/code/core/Mage/Review/Block/Product/View.php(47): Mage_Core_Block_Template->_toHtml()
#4 /home/kidscove/public_html/app/code/core/Mage/Core/Block/Abstract.php(923): Mage_Review_Block_Product_View->_toHtml()
#5 /home/kidscove/public_html/app/code/core/Mage/Core/Block/Abstract.php(641): Mage_Core_Block_Abstract->toHtml()
#6 /home/kidscove/public_html/app/code/core/Mage/Core/Block/Abstract.php(585): Mage_Core_Block_Abstract->_getChildHtml( in /home/kidscove/public_html/app/design/frontend/sahara_digital/ma_sahara_digital9/template/review/product/view/list_tab.phtml on line 71
[14-Dec-2018 14:41:01 UTC] PHP Fatal error:  Uncaught Error: Call to a member function toHtml() on boolean in /home/kidscove/public_html/app/design/frontend/sahara_digital/ma_sahara_digital9/template/review/product/view/list_tab.phtml:71
Stack trace:
#0 /home/kidscove/public_html/app/code/core/Mage/Core/Block/Template.php(241): include()
#1 /home/kidscove/public_html/app/code/core/Mage/Core/Block/Template.php(272): Mage_Core_Block_Template->fetchView('frontend/sahara...')
#2 /home/kidscove/public_html/app/code/core/Mage/Core/Block/Template.php(286): Mage_Core_Block_Template->renderView()
#3 /home/kidscove/public_html/app/code/core/Mage/Review/Block/Product/View.php(47): Mage_Core_Block_Template->_toHtml()
#4 /home/kidscove/public_html/app/code/core/Mage/Core/Block/Abstract.php(923): Mage_Review_Block_Product_View->_toHtml()
#5 /home/kidscove/public_html/app/code/core/Mage/Core/Block/Abstract.php(641): Mage_Core_Block_Abstract->toHtml()
#6 /home/kidscove/public_html/app/code/core/Mage/Core/Block/Abstract.php(585): Mage_Core_Block_Abstract->_getChildHtml( in /home/kidscove/public_html/app/design/frontend/sahara_digital/ma_sahara_digital9/template/review/product/view/list_tab.phtml on line 71
[14-Dec-2018 14:41:05 UTC] PHP Fatal error:  Uncaught Error: Call to a member function toHtml() on boolean in /home/kidscove/public_html/app/design/frontend/sahara_digital/ma_sahara_digital9/template/review/product/view/list_tab.phtml:71
Stack trace:
#0 /home/kidscove/public_html/app/code/core/Mage/Core/Block/Template.php(241): include()
#1 /home/kidscove/public_html/app/code/core/Mage/Core/Block/Template.php(272): Mage_Core_Block_Template->fetchView('frontend/sahara...')
#2 /home/kidscove/public_html/app/code/core/Mage/Core/Block/Template.php(286): Mage_Core_Block_Template->renderView()
#3 /home/kidscove/public_html/app/code/core/Mage/Review/Block/Product/View.php(47): Mage_Core_Block_Template->_toHtml()
#4 /home/kidscove/public_html/app/code/core/Mage/Core/Block/Abstract.php(923): Mage_Review_Block_Product_View->_toHtml()
#5 /home/kidscove/public_html/app/code/core/Mage/Core/Block/Abstract.php(641): Mage_Core_Block_Abstract->toHtml()
#6 /home/kidscove/public_html/app/code/core/Mage/Core/Block/Abstract.php(585): Mage_Core_Block_Abstract->_getChildHtml( in /home/kidscove/public_html/app/design/frontend/sahara_digital/ma_sahara_digital9/template/review/product/view/list_tab.phtml on line 71
[14-Dec-2018 14:41:09 UTC] PHP Fatal error:  Uncaught Error: Call to a member function toHtml() on boolean in /home/kidscove/public_html/app/design/frontend/sahara_digital/ma_sahara_digital9/template/review/product/view/list_tab.phtml:71
Stack trace:
#0 /home/kidscove/public_html/app/code/core/Mage/Core/Block/Template.php(241): include()
#1 /home/kidscove/public_html/app/code/core/Mage/Core/Block/Template.php(272): Mage_Core_Block_Template->fetchView('frontend/sahara...')
#2 /home/kidscove/public_html/app/code/core/Mage/Core/Block/Template.php(286): Mage_Core_Block_Template->renderView()
#3 /home/kidscove/public_html/app/code/core/Mage/Review/Block/Product/View.php(47): Mage_Core_Block_Template->_toHtml()
#4 /home/kidscove/public_html/app/code/core/Mage/Core/Block/Abstract.php(923): Mage_Review_Block_Product_View->_toHtml()
#5 /home/kidscove/public_html/app/code/core/Mage/Core/Block/Abstract.php(641): Mage_Core_Block_Abstract->toHtml()
#6 /home/kidscove/public_html/app/code/core/Mage/Core/Block/Abstract.php(585): Mage_Core_Block_Abstract->_getChildHtml( in /home/kidscove/public_html/app/design/frontend/sahara_digital/ma_sahara_digital9/template/review/product/view/list_tab.phtml on line 71
[14-Dec-2018 14:41:12 UTC] PHP Fatal error:  Uncaught Error: Call to a member function toHtml() on boolean in /home/kidscove/public_html/app/design/frontend/sahara_digital/ma_sahara_digital9/template/review/product/view/list_tab.phtml:71
Stack trace:
#0 /home/kidscove/public_html/app/code/core/Mage/Core/Block/Template.php(241): include()
#1 /home/kidscove/public_html/app/code/core/Mage/Core/Block/Template.php(272): Mage_Core_Block_Template->fetchView('frontend/sahara...')
#2 /home/kidscove/public_html/app/code/core/Mage/Core/Block/Template.php(286): Mage_Core_Block_Template->renderView()
#3 /home/kidscove/public_html/app/code/core/Mage/Review/Block/Product/View.php(47): Mage_Core_Block_Template->_toHtml()
#4 /home/kidscove/public_html/app/code/core/Mage/Core/Block/Abstract.php(923): Mage_Review_Block_Product_View->_toHtml()
#5 /home/kidscove/public_html/app/code/core/Mage/Core/Block/Abstract.php(641): Mage_Core_Block_Abstract->toHtml()
#6 /home/kidscove/public_html/app/code/core/Mage/Core/Block/Abstract.php(585): Mage_Core_Block_Abstract->_getChildHtml( in /home/kidscove/public_html/app/design/frontend/sahara_digital/ma_sahara_digital9/template/review/product/view/list_tab.phtml on line 71
[14-Dec-2018 14:41:15 UTC] PHP Fatal error:  Uncaught Error: Call to a member function toHtml() on boolean in /home/kidscove/public_html/app/design/frontend/sahara_digital/ma_sahara_digital9/template/review/product/view/list_tab.phtml:71
Stack trace:
#0 /home/kidscove/public_html/app/code/core/Mage/Core/Block/Template.php(241): include()
#1 /home/kidscove/public_html/app/code/core/Mage/Core/Block/Template.php(272): Mage_Core_Block_Template->fetchView('frontend/sahara...')
#2 /home/kidscove/public_html/app/code/core/Mage/Core/Block/Template.php(286): Mage_Core_Block_Template->renderView()
#3 /home/kidscove/public_html/app/code/core/Mage/Review/Block/Product/View.php(47): Mage_Core_Block_Template->_toHtml()
#4 /home/kidscove/public_html/app/code/core/Mage/Core/Block/Abstract.php(923): Mage_Review_Block_Product_View->_toHtml()
#5 /home/kidscove/public_html/app/code/core/Mage/Core/Block/Abstract.php(641): Mage_Core_Block_Abstract->toHtml()
#6 /home/kidscove/public_html/app/code/core/Mage/Core/Block/Abstract.php(585): Mage_Core_Block_Abstract->_getChildHtml( in /home/kidscove/public_html/app/design/frontend/sahara_digital/ma_sahara_digital9/template/review/product/view/list_tab.phtml on line 71
[14-Dec-2018 19:21:58 UTC] PHP Fatal error:  Uncaught Error: Call to a member function toHtml() on boolean in /home/kidscove/public_html/app/design/frontend/sahara_digital/ma_sahara_digital9/template/review/product/view/list_tab.phtml:71
Stack trace:
#0 /home/kidscove/public_html/app/code/core/Mage/Core/Block/Template.php(241): include()
#1 /home/kidscove/public_html/app/code/core/Mage/Core/Block/Template.php(272): Mage_Core_Block_Template->fetchView('frontend/sahara...')
#2 /home/kidscove/public_html/app/code/core/Mage/Core/Block/Template.php(286): Mage_Core_Block_Template->renderView()
#3 /home/kidscove/public_html/app/code/core/Mage/Review/Block/Product/View.php(47): Mage_Core_Block_Template->_toHtml()
#4 /home/kidscove/public_html/app/code/core/Mage/Core/Block/Abstract.php(923): Mage_Review_Block_Product_View->_toHtml()
#5 /home/kidscove/public_html/app/code/core/Mage/Core/Block/Abstract.php(641): Mage_Core_Block_Abstract->toHtml()
#6 /home/kidscove/public_html/app/code/core/Mage/Core/Block/Abstract.php(585): Mage_Core_Block_Abstract->_getChildHtml( in /home/kidscove/public_html/app/design/frontend/sahara_digital/ma_sahara_digital9/template/review/product/view/list_tab.phtml on line 71
[14-Dec-2018 19:38:33 UTC] PHP Fatal error:  Uncaught Error: Call to a member function toHtml() on boolean in /home/kidscove/public_html/app/design/frontend/sahara_digital/ma_sahara_digital9/template/review/product/view/list_tab.phtml:71
Stack trace:
#0 /home/kidscove/public_html/app/code/core/Mage/Core/Block/Template.php(241): include()
#1 /home/kidscove/public_html/app/code/core/Mage/Core/Block/Template.php(272): Mage_Core_Block_Template->fetchView('frontend/sahara...')
#2 /home/kidscove/public_html/app/code/core/Mage/Core/Block/Template.php(286): Mage_Core_Block_Template->renderView()
#3 /home/kidscove/public_html/app/code/core/Mage/Review/Block/Product/View.php(47): Mage_Core_Block_Template->_toHtml()
#4 /home/kidscove/public_html/app/code/core/Mage/Core/Block/Abstract.php(923): Mage_Review_Block_Product_View->_toHtml()
#5 /home/kidscove/public_html/app/code/core/Mage/Core/Block/Abstract.php(641): Mage_Core_Block_Abstract->toHtml()
#6 /home/kidscove/public_html/app/code/core/Mage/Core/Block/Abstract.php(585): Mage_Core_Block_Abstract->_getChildHtml( in /home/kidscove/public_html/app/design/frontend/sahara_digital/ma_sahara_digital9/template/review/product/view/list_tab.phtml on line 71
[15-Dec-2018 15:32:25 UTC] PHP Fatal error:  Uncaught Error: Call to a member function toHtml() on boolean in /home/kidscove/public_html/app/design/frontend/sahara_digital/ma_sahara_digital9/template/review/product/view/list_tab.phtml:71
Stack trace:
#0 /home/kidscove/public_html/app/code/core/Mage/Core/Block/Template.php(241): include()
#1 /home/kidscove/public_html/app/code/core/Mage/Core/Block/Template.php(272): Mage_Core_Block_Template->fetchView('frontend/sahara...')
#2 /home/kidscove/public_html/app/code/core/Mage/Core/Block/Template.php(286): Mage_Core_Block_Template->renderView()
#3 /home/kidscove/public_html/app/code/core/Mage/Review/Block/Product/View.php(47): Mage_Core_Block_Template->_toHtml()
#4 /home/kidscove/public_html/app/code/core/Mage/Core/Block/Abstract.php(923): Mage_Review_Block_Product_View->_toHtml()
#5 /home/kidscove/public_html/app/code/core/Mage/Core/Block/Abstract.php(641): Mage_Core_Block_Abstract->toHtml()
#6 /home/kidscove/public_html/app/code/core/Mage/Core/Block/Abstract.php(585): Mage_Core_Block_Abstract->_getChildHtml( in /home/kidscove/public_html/app/design/frontend/sahara_digital/ma_sahara_digital9/template/review/product/view/list_tab.phtml on line 71
[21-Jan-2019 07:30:24 UTC] PHP Fatal error:  Uncaught PDOException: SQLSTATE[HY000] [2002] No such file or directory in /home/kidscove/public_html/lib/Zend/Db/Adapter/Pdo/Abstract.php:128
Stack trace:
#0 /home/kidscove/public_html/lib/Zend/Db/Adapter/Pdo/Abstract.php(128): PDO->__construct('mysql:host=loca...', 'kidscove_nknl', 'Lrbi.5#&epB@', Array)
#1 /home/kidscove/public_html/lib/Zend/Db/Adapter/Pdo/Mysql.php(111): Zend_Db_Adapter_Pdo_Abstract->_connect()
#2 /home/kidscove/public_html/lib/Varien/Db/Adapter/Pdo/Mysql.php(396): Zend_Db_Adapter_Pdo_Mysql->_connect()
#3 /home/kidscove/public_html/lib/Zend/Db/Adapter/Abstract.php(460): Varien_Db_Adapter_Pdo_Mysql->_connect()
#4 /home/kidscove/public_html/lib/Zend/Db/Adapter/Pdo/Abstract.php(238): Zend_Db_Adapter_Abstract->query('SET NAMES utf8', Array)
#5 /home/kidscove/public_html/lib/Varien/Db/Adapter/Pdo/Mysql.php(504): Zend_Db_Adapter_Pdo_Abstract->query('SET NAMES utf8', Array)
#6 /home/kidscove/public_html/app/code/core/Mage/Core/Model/Resource.php(179): Varien_Db_Adapter_Pdo_Mysql->query('SET NAME in /home/kidscove/public_html/lib/Zend/Db/Adapter/Pdo/Abstract.php on line 144
[05-Feb-2019 17:17:47 UTC] PHP Fatal error:  Uncaught Error: Call to a member function toHtml() on boolean in /home/kidscove/public_html/app/design/frontend/sahara_digital/ma_sahara_digital9/template/review/product/view/list_tab.phtml:71
Stack trace:
#0 /home/kidscove/public_html/app/code/core/Mage/Core/Block/Template.php(241): include()
#1 /home/kidscove/public_html/app/code/core/Mage/Core/Block/Template.php(272): Mage_Core_Block_Template->fetchView('frontend/sahara...')
#2 /home/kidscove/public_html/app/code/core/Mage/Core/Block/Template.php(286): Mage_Core_Block_Template->renderView()
#3 /home/kidscove/public_html/app/code/core/Mage/Review/Block/Product/View.php(47): Mage_Core_Block_Template->_toHtml()
#4 /home/kidscove/public_html/app/code/core/Mage/Core/Block/Abstract.php(923): Mage_Review_Block_Product_View->_toHtml()
#5 /home/kidscove/public_html/app/code/core/Mage/Core/Block/Abstract.php(641): Mage_Core_Block_Abstract->toHtml()
#6 /home/kidscove/public_html/app/code/core/Mage/Core/Block/Abstract.php(585): Mage_Core_Block_Abstract->_getChildHtml( in /home/kidscove/public_html/app/design/frontend/sahara_digital/ma_sahara_digital9/template/review/product/view/list_tab.phtml on line 71
[06-Feb-2019 03:18:46 UTC] PHP Fatal error:  Uncaught Error: Call to a member function toHtml() on boolean in /home/kidscove/public_html/app/design/frontend/sahara_digital/ma_sahara_digital9/template/review/product/view/list_tab.phtml:71
Stack trace:
#0 /home/kidscove/public_html/app/code/core/Mage/Core/Block/Template.php(241): include()
#1 /home/kidscove/public_html/app/code/core/Mage/Core/Block/Template.php(272): Mage_Core_Block_Template->fetchView('frontend/sahara...')
#2 /home/kidscove/public_html/app/code/core/Mage/Core/Block/Template.php(286): Mage_Core_Block_Template->renderView()
#3 /home/kidscove/public_html/app/code/core/Mage/Review/Block/Product/View.php(47): Mage_Core_Block_Template->_toHtml()
#4 /home/kidscove/public_html/app/code/core/Mage/Core/Block/Abstract.php(923): Mage_Review_Block_Product_View->_toHtml()
#5 /home/kidscove/public_html/app/code/core/Mage/Core/Block/Abstract.php(641): Mage_Core_Block_Abstract->toHtml()
#6 /home/kidscove/public_html/app/code/core/Mage/Core/Block/Abstract.php(585): Mage_Core_Block_Abstract->_getChildHtml( in /home/kidscove/public_html/app/design/frontend/sahara_digital/ma_sahara_digital9/template/review/product/view/list_tab.phtml on line 71
[06-Feb-2019 03:36:26 UTC] PHP Fatal error:  Uncaught Error: Call to a member function toHtml() on boolean in /home/kidscove/public_html/app/design/frontend/sahara_digital/ma_sahara_digital9/template/review/product/view/list_tab.phtml:71
Stack trace:
#0 /home/kidscove/public_html/app/code/core/Mage/Core/Block/Template.php(241): include()
#1 /home/kidscove/public_html/app/code/core/Mage/Core/Block/Template.php(272): Mage_Core_Block_Template->fetchView('frontend/sahara...')
#2 /home/kidscove/public_html/app/code/core/Mage/Core/Block/Template.php(286): Mage_Core_Block_Template->renderView()
#3 /home/kidscove/public_html/app/code/core/Mage/Review/Block/Product/View.php(47): Mage_Core_Block_Template->_toHtml()
#4 /home/kidscove/public_html/app/code/core/Mage/Core/Block/Abstract.php(923): Mage_Review_Block_Product_View->_toHtml()
#5 /home/kidscove/public_html/app/code/core/Mage/Core/Block/Abstract.php(641): Mage_Core_Block_Abstract->toHtml()
#6 /home/kidscove/public_html/app/code/core/Mage/Core/Block/Abstract.php(585): Mage_Core_Block_Abstract->_getChildHtml( in /home/kidscove/public_html/app/design/frontend/sahara_digital/ma_sahara_digital9/template/review/product/view/list_tab.phtml on line 71
[06-Feb-2019 14:48:33 UTC] PHP Fatal error:  Uncaught Error: Call to a member function toHtml() on boolean in /home/kidscove/public_html/app/design/frontend/sahara_digital/ma_sahara_digital9/template/review/product/view/list_tab.phtml:71
Stack trace:
#0 /home/kidscove/public_html/app/code/core/Mage/Core/Block/Template.php(241): include()
#1 /home/kidscove/public_html/app/code/core/Mage/Core/Block/Template.php(272): Mage_Core_Block_Template->fetchView('frontend/sahara...')
#2 /home/kidscove/public_html/app/code/core/Mage/Core/Block/Template.php(286): Mage_Core_Block_Template->renderView()
#3 /home/kidscove/public_html/app/code/core/Mage/Review/Block/Product/View.php(47): Mage_Core_Block_Template->_toHtml()
#4 /home/kidscove/public_html/app/code/core/Mage/Core/Block/Abstract.php(923): Mage_Review_Block_Product_View->_toHtml()
#5 /home/kidscove/public_html/app/code/core/Mage/Core/Block/Abstract.php(641): Mage_Core_Block_Abstract->toHtml()
#6 /home/kidscove/public_html/app/code/core/Mage/Core/Block/Abstract.php(585): Mage_Core_Block_Abstract->_getChildHtml( in /home/kidscove/public_html/app/design/frontend/sahara_digital/ma_sahara_digital9/template/review/product/view/list_tab.phtml on line 71
[04-Mar-2019 12:49:37 UTC] PHP Fatal error:  Uncaught Exception: File '/home/kidscove/public_html/media/catalog/product/' does not exists. in /home/kidscove/public_html/lib/Varien/File/Transfer/Adapter/Http.php:96
Stack trace:
#0 /home/kidscove/public_html/get.php(205): Varien_File_Transfer_Adapter_Http->send('/home/kidscove/...')
#1 /home/kidscove/public_html/get.php(165): sendFile('/home/kidscove/...')
#2 {main}
  thrown in /home/kidscove/public_html/lib/Varien/File/Transfer/Adapter/Http.php on line 96
[06-Mar-2019 02:59:19 UTC] PHP Fatal error:  Uncaught Error: Call to a member function toHtml() on boolean in /home/kidscove/public_html/app/design/frontend/sahara_digital/ma_sahara_digital9/template/review/product/view/list_tab.phtml:71
Stack trace:
#0 /home/kidscove/public_html/app/code/core/Mage/Core/Block/Template.php(241): include()
#1 /home/kidscove/public_html/app/code/core/Mage/Core/Block/Template.php(272): Mage_Core_Block_Template->fetchView('frontend/sahara...')
#2 /home/kidscove/public_html/app/code/core/Mage/Core/Block/Template.php(286): Mage_Core_Block_Template->renderView()
#3 /home/kidscove/public_html/app/code/core/Mage/Review/Block/Product/View.php(47): Mage_Core_Block_Template->_toHtml()
#4 /home/kidscove/public_html/app/code/core/Mage/Core/Block/Abstract.php(923): Mage_Review_Block_Product_View->_toHtml()
#5 /home/kidscove/public_html/app/code/core/Mage/Core/Block/Abstract.php(641): Mage_Core_Block_Abstract->toHtml()
#6 /home/kidscove/public_html/app/code/core/Mage/Core/Block/Abstract.php(585): Mage_Core_Block_Abstract->_getChildHtml( in /home/kidscove/public_html/app/design/frontend/sahara_digital/ma_sahara_digital9/template/review/product/view/list_tab.phtml on line 71
[06-Mar-2019 13:45:47 UTC] PHP Fatal error:  Cannot use N98\Util\String as String because 'String' is a special class name in phar:///usr/local/bin/n98-magerun/src/N98/Magento/Application.php on line 11
[25-Mar-2019 16:03:45 UTC] PHP Fatal error:  Uncaught Error: Call to a member function toHtml() on boolean in /home/kidscove/public_html/app/design/frontend/sahara_digital/ma_sahara_digital9/template/review/product/view/list_tab.phtml:71
Stack trace:
#0 /home/kidscove/public_html/app/code/core/Mage/Core/Block/Template.php(241): include()
#1 /home/kidscove/public_html/app/code/core/Mage/Core/Block/Template.php(272): Mage_Core_Block_Template->fetchView('frontend/sahara...')
#2 /home/kidscove/public_html/app/code/core/Mage/Core/Block/Template.php(286): Mage_Core_Block_Template->renderView()
#3 /home/kidscove/public_html/app/code/core/Mage/Review/Block/Product/View.php(47): Mage_Core_Block_Template->_toHtml()
#4 /home/kidscove/public_html/app/code/core/Mage/Core/Block/Abstract.php(923): Mage_Review_Block_Product_View->_toHtml()
#5 /home/kidscove/public_html/app/code/core/Mage/Core/Block/Abstract.php(641): Mage_Core_Block_Abstract->toHtml()
#6 /home/kidscove/public_html/app/code/core/Mage/Core/Block/Abstract.php(585): Mage_Core_Block_Abstract->_getChildHtml( in /home/kidscove/public_html/app/design/frontend/sahara_digital/ma_sahara_digital9/template/review/product/view/list_tab.phtml on line 71
[26-Mar-2019 04:19:26 UTC] PHP Fatal error:  Uncaught Error: Call to a member function toHtml() on boolean in /home/kidscove/public_html/app/design/frontend/sahara_digital/ma_sahara_digital9/template/review/product/view/list_tab.phtml:71
Stack trace:
#0 /home/kidscove/public_html/app/code/core/Mage/Core/Block/Template.php(241): include()
#1 /home/kidscove/public_html/app/code/core/Mage/Core/Block/Template.php(272): Mage_Core_Block_Template->fetchView('frontend/sahara...')
#2 /home/kidscove/public_html/app/code/core/Mage/Core/Block/Template.php(286): Mage_Core_Block_Template->renderView()
#3 /home/kidscove/public_html/app/code/core/Mage/Review/Block/Product/View.php(47): Mage_Core_Block_Template->_toHtml()
#4 /home/kidscove/public_html/app/code/core/Mage/Core/Block/Abstract.php(923): Mage_Review_Block_Product_View->_toHtml()
#5 /home/kidscove/public_html/app/code/core/Mage/Core/Block/Abstract.php(641): Mage_Core_Block_Abstract->toHtml()
#6 /home/kidscove/public_html/app/code/core/Mage/Core/Block/Abstract.php(585): Mage_Core_Block_Abstract->_getChildHtml( in /home/kidscove/public_html/app/design/frontend/sahara_digital/ma_sahara_digital9/template/review/product/view/list_tab.phtml on line 71
[26-Mar-2019 14:33:37 UTC] PHP Fatal error:  Uncaught Error: Call to a member function toHtml() on boolean in /home/kidscove/public_html/app/design/frontend/sahara_digital/ma_sahara_digital9/template/review/product/view/list_tab.phtml:71
Stack trace:
#0 /home/kidscove/public_html/app/code/core/Mage/Core/Block/Template.php(241): include()
#1 /home/kidscove/public_html/app/code/core/Mage/Core/Block/Template.php(272): Mage_Core_Block_Template->fetchView('frontend/sahara...')
#2 /home/kidscove/public_html/app/code/core/Mage/Core/Block/Template.php(286): Mage_Core_Block_Template->renderView()
#3 /home/kidscove/public_html/app/code/core/Mage/Review/Block/Product/View.php(47): Mage_Core_Block_Template->_toHtml()
#4 /home/kidscove/public_html/app/code/core/Mage/Core/Block/Abstract.php(923): Mage_Review_Block_Product_View->_toHtml()
#5 /home/kidscove/public_html/app/code/core/Mage/Core/Block/Abstract.php(641): Mage_Core_Block_Abstract->toHtml()
#6 /home/kidscove/public_html/app/code/core/Mage/Core/Block/Abstract.php(585): Mage_Core_Block_Abstract->_getChildHtml( in /home/kidscove/public_html/app/design/frontend/sahara_digital/ma_sahara_digital9/template/review/product/view/list_tab.phtml on line 71
